[2022-10-10 15:54:55.612] [INFO] [/home/emanuele/Git/SimpleEasyCLogger/SECLogger/SimpleEasyCLogger/main.c:main():56] [Thread Main - pid:271218 - pthread: 140354364282688] [Operation: Init Logger] [Result: TEST_1]
[2022-10-10 15:54:55.612] [FATAL] [/home/emanuele/Git/SimpleEasyCLogger/SECLogger/SimpleEasyCLogger/main.c:main():68] [pid:271218 - pthread: 140354364282688] TEST 1: ttt
[2022-10-10 15:54:55.612] [FATAL] [/home/emanuele/Git/SimpleEasyCLogger/SECLogger/SimpleEasyCLogger/main.c:main():69] [pid:271218 - pthread: 140354364282688] [Operation: TEST 2: ttt] [CAT:111 CID:111] [Result: TEST_1]
[2022-10-10 15:54:55.612] [FATAL] [/home/emanuele/Git/SimpleEasyCLogger/SECLogger/SimpleEasyCLogger/main.c:main():70] [pid:271218 - pthread: 140354364282688] [Operation: TEST 3: ttt] [Result: TEST_2]
[2022-10-10 15:54:55.612] [FATAL] [/home/emanuele/Git/SimpleEasyCLogger/SECLogger/SimpleEasyCLogger/main.c:main():71] [pid:271218 - pthread: 140354364282688] TEST 1: ttt
[2022-10-10 15:54:55.612] [ERROR] [/home/emanuele/Git/SimpleEasyCLogger/SECLogger/SimpleEasyCLogger/main.c:main():73] [pid:271218 - pthread: 140354364282688] TEST 1: ttt
[2022-10-10 15:54:55.612] [ERROR] [/home/emanuele/Git/SimpleEasyCLogger/SECLogger/SimpleEasyCLogger/main.c:main():74] [pid:271218 - pthread: 140354364282688] [Operation: TEST 2: ttt] [CAT:111 CID:111] [Result: TEST_1]
[2022-10-10 15:54:55.612] [ERROR] [/home/emanuele/Git/SimpleEasyCLogger/SECLogger/SimpleEasyCLogger/main.c:main():75] [pid:271218 - pthread: 140354364282688] [Operation: TEST 3: ttt] [Result: TEST_2]
[2022-10-10 15:54:55.612] [WARN] [/home/emanuele/Git/SimpleEasyCLogger/SECLogger/SimpleEasyCLogger/main.c:main():77] [pid:271218 - pthread: 140354364282688] TEST 1: ttt
[2022-10-10 15:54:55.612] [WARN] [/home/emanuele/Git/SimpleEasyCLogger/SECLogger/SimpleEasyCLogger/main.c:main():78] [pid:271218 - pthread: 140354364282688] [Operation: TEST 2: ttt] [CAT:111 CID:111] [Result: TEST_1]
[2022-10-10 15:54:55.612] [WARN] [/home/emanuele/Git/SimpleEasyCLogger/SECLogger/SimpleEasyCLogger/main.c:main():79] [pid:271218 - pthread: 140354364282688] [Operation: TEST 3: ttt] [Result: TEST_2]
[2022-10-10 15:54:55.612] [INFO] [/home/emanuele/Git/SimpleEasyCLogger/SECLogger/SimpleEasyCLogger/main.c:main():81] [pid:271218 - pthread: 140354364282688] TEST 1: ttt
[2022-10-10 15:54:55.612] [INFO] [/home/emanuele/Git/SimpleEasyCLogger/SECLogger/SimpleEasyCLogger/main.c:main():82] [pid:271218 - pthread: 140354364282688] [Operation: TEST 2: ttt] [CAT:111 CID:111] [Result: TEST_1]
[2022-10-10 15:54:55.612] [INFO] [/home/emanuele/Git/SimpleEasyCLogger/SECLogger/SimpleEasyCLogger/main.c:main():83] [pid:271218 - pthread: 140354364282688] [Operation: TEST 3: ttt] [Result: TEST_2]
[2022-10-10 15:54:55.612] [INFO] [/home/emanuele/Git/SimpleEasyCLogger/SECLogger/SimpleEasyCLogger/main.c:main():101] [Thread Main - pid:271218 - pthread: 140354364282688] [Operation: Avvio Sessione] [CAT:123 CID:123] [Result: TEST_1]
[2022-10-10 15:54:57.612] [WARN] [/home/emanuele/Git/SimpleEasyCLogger/SECLogger/SimpleEasyCLogger/main.c:main():105] [Thread Main - pid:271218 - pthread: 140354364282688] [Operation: Avvio Sessione] [CAT:123 CID:123] [Result: TEST_2]
[2022-10-10 15:54:57.612] [INFO] [/home/emanuele/Git/SimpleEasyCLogger/SECLogger/SimpleEasyCLogger/main.c:main():101] [Thread Main - pid:271218 - pthread: 140354364282688] [Operation: Avvio Sessione] [CAT:123 CID:123] [Result: TEST_1]
[2022-10-10 15:54:59.613] [WARN] [/home/emanuele/Git/SimpleEasyCLogger/SECLogger/SimpleEasyCLogger/main.c:main():105] [Thread Main - pid:271218 - pthread: 140354364282688] [Operation: Avvio Sessione] [CAT:123 CID:123] [Result: TEST_2]
[2022-10-10 15:54:59.613] [INFO] [/home/emanuele/Git/SimpleEasyCLogger/SECLogger/SimpleEasyCLogger/main.c:main():101] [Thread Main - pid:271218 - pthread: 140354364282688] [Operation: Avvio Sessione] [CAT:123 CID:123] [Result: TEST_1]
[2022-10-10 15:55:01.613] [WARN] [/home/emanuele/Git/SimpleEasyCLogger/SECLogger/SimpleEasyCLogger/main.c:main():105] [Thread Main - pid:271218 - pthread: 140354364282688] [Operation: Avvio Sessione] [CAT:123 CID:123] [Result: TEST_2]
[2022-10-10 15:55:01.613] [ERROR] [/home/emanuele/Git/SimpleEasyCLogger/SECLogger/SimpleEasyCLogger/main.c:main():112] [Thread Main - pid:271218 - pthread: 140354364282688] [Operation: Avvio Sessione] [CAT:123 CID:123] [Result: TEST_1]
[2022-10-10 15:55:01.613] [ERROR] [/home/emanuele/Git/SimpleEasyCLogger/SECLogger/SimpleEasyCLogger/main.c:main():118] [Thread Main - pid:271218 - pthread: 140354364282688] [Operation: Avvio Sessione] [Result: TEST_2]
[2022-10-10 15:55:21.34] [INFO] [/home/emanuele/Git/SimpleEasyCLogger/SECLogger/SimpleEasyCLogger/main.c:main():56] [Thread Main - pid:271384 - pthread: 140215680661312] [Operation: Init Logger] [Result: TEST_1]
[2022-10-10 15:55:21.34] [FATAL] [/home/emanuele/Git/SimpleEasyCLogger/SECLogger/SimpleEasyCLogger/main.c:main():68] [pid:271384 - pthread: 140215680661312] TEST 1: ttt
[2022-10-10 15:55:21.34] [FATAL] [/home/emanuele/Git/SimpleEasyCLogger/SECLogger/SimpleEasyCLogger/main.c:main():69] [pid:271384 - pthread: 140215680661312] [Operation: TEST 2: ttt] [CAT:111 CID:111] [Result: TEST_1]
[2022-10-10 15:55:21.34] [FATAL] [/home/emanuele/Git/SimpleEasyCLogger/SECLogger/SimpleEasyCLogger/main.c:main():70] [pid:271384 - pthread: 140215680661312] [Operation: TEST 3: ttt] [Result: TEST_2]
[2022-10-10 15:55:21.34] [FATAL] [/home/emanuele/Git/SimpleEasyCLogger/SECLogger/SimpleEasyCLogger/main.c:main():71] [pid:271384 - pthread: 140215680661312] TEST 1: ttt
[2022-10-10 15:55:21.34] [ERROR] [/home/emanuele/Git/SimpleEasyCLogger/SECLogger/SimpleEasyCLogger/main.c:main():73] [pid:271384 - pthread: 140215680661312] TEST 1: ttt
[2022-10-10 15:55:21.34] [ERROR] [/home/emanuele/Git/SimpleEasyCLogger/SECLogger/SimpleEasyCLogger/main.c:main():74] [pid:271384 - pthread: 140215680661312] [Operation: TEST 2: ttt] [CAT:111 CID:111] [Result: TEST_1]
[2022-10-10 15:55:21.34] [ERROR] [/home/emanuele/Git/SimpleEasyCLogger/SECLogger/SimpleEasyCLogger/main.c:main():75] [pid:271384 - pthread: 140215680661312] [Operation: TEST 3: ttt] [Result: TEST_2]
[2022-10-10 15:55:21.34] [WARN] [/home/emanuele/Git/SimpleEasyCLogger/SECLogger/SimpleEasyCLogger/main.c:main():77] [pid:271384 - pthread: 140215680661312] TEST 1: ttt
[2022-10-10 15:55:21.34] [WARN] [/home/emanuele/Git/SimpleEasyCLogger/SECLogger/SimpleEasyCLogger/main.c:main():78] [pid:271384 - pthread: 140215680661312] [Operation: TEST 2: ttt] [CAT:111 CID:111] [Result: TEST_1]
[2022-10-10 15:55:21.34] [WARN] [/home/emanuele/Git/SimpleEasyCLogger/SECLogger/SimpleEasyCLogger/main.c:main():79] [pid:271384 - pthread: 140215680661312] [Operation: TEST 3: ttt] [Result: TEST_2]
[2022-10-10 15:55:21.34] [INFO] [/home/emanuele/Git/SimpleEasyCLogger/SECLogger/SimpleEasyCLogger/main.c:main():81] [pid:271384 - pthread: 140215680661312] TEST 1: ttt
[2022-10-10 15:55:21.34] [INFO] [/home/emanuele/Git/SimpleEasyCLogger/SECLogger/SimpleEasyCLogger/main.c:main():82] [pid:271384 - pthread: 140215680661312] [Operation: TEST 2: ttt] [CAT:111 CID:111] [Result: TEST_1]
[2022-10-10 15:55:21.34] [INFO] [/home/emanuele/Git/SimpleEasyCLogger/SECLogger/SimpleEasyCLogger/main.c:main():83] [pid:271384 - pthread: 140215680661312] [Operation: TEST 3: ttt] [Result: TEST_2]
[2022-10-10 15:55:21.34] [INFO] [/home/emanuele/Git/SimpleEasyCLogger/SECLogger/SimpleEasyCLogger/main.c:main():101] [Thread Main - pid:271384 - pthread: 140215680661312] [Operation: Avvio Sessione] [CAT:123 CID:123] [Result: TEST_1]
[2022-10-10 15:55:23.35] [WARN] [/home/emanuele/Git/SimpleEasyCLogger/SECLogger/SimpleEasyCLogger/main.c:main():105] [Thread Main - pid:271384 - pthread: 140215680661312] [Operation: Avvio Sessione] [CAT:123 CID:123] [Result: TEST_2]
[2022-10-10 15:55:23.35] [INFO] [/home/emanuele/Git/SimpleEasyCLogger/SECLogger/SimpleEasyCLogger/main.c:main():101] [Thread Main - pid:271384 - pthread: 140215680661312] [Operation: Avvio Sessione] [CAT:123 CID:123] [Result: TEST_1]
[2022-10-10 15:55:25.35] [WARN] [/home/emanuele/Git/SimpleEasyCLogger/SECLogger/SimpleEasyCLogger/main.c:main():105] [Thread Main - pid:271384 - pthread: 140215680661312] [Operation: Avvio Sessione] [CAT:123 CID:123] [Result: TEST_2]
[2022-10-10 15:55:25.35] [INFO] [/home/emanuele/Git/SimpleEasyCLogger/SECLogger/SimpleEasyCLogger/main.c:main():101] [Thread Main - pid:271384 - pthread: 140215680661312] [Operation: Avvio Sessione] [CAT:123 CID:123] [Result: TEST_1]
[2022-10-10 15:55:27.35] [WARN] [/home/emanuele/Git/SimpleEasyCLogger/SECLogger/SimpleEasyCLogger/main.c:main():105] [Thread Main - pid:271384 - pthread: 140215680661312] [Operation: Avvio Sessione] [CAT:123 CID:123] [Result: TEST_2]
[2022-10-10 15:55:27.36] [ERROR] [/home/emanuele/Git/SimpleEasyCLogger/SECLogger/SimpleEasyCLogger/main.c:main():112] [Thread Main - pid:271384 - pthread: 140215680661312] [Operation: Avvio Sessione] [CAT:123 CID:123] [Result: TEST_1]
[2022-10-10 15:55:27.36] [ERROR] [/home/emanuele/Git/SimpleEasyCLogger/SECLogger/SimpleEasyCLogger/main.c:main():118] [Thread Main - pid:271384 - pthread: 140215680661312] [Operation: Avvio Sessione] [Result: TEST_2]
[2022-10-10 15:58:19.402] [INFO] [/home/emanuele/Git/SimpleEasyCLogger/SECLogger/SimpleEasyCLogger/main.c:main():56] [Thread Main - pid:272173 - pthread: 75835200] [Operation: Init Logger] [Result: TEST_1]
[2022-10-10 15:58:19.414] [FATAL] [/home/emanuele/Git/SimpleEasyCLogger/SECLogger/SimpleEasyCLogger/main.c:main():60] [pid:272173 - pthread: 75835200] TEST 1: ttt
[2022-10-10 15:58:19.416] [FATAL] [/home/emanuele/Git/SimpleEasyCLogger/SECLogger/SimpleEasyCLogger/main.c:main():61] [pid:272173 - pthread: 75835200] [Operation: TEST 2: ttt] [CAT:111 CID:111] [Result: TEST_1]
[2022-10-10 15:58:19.418] [FATAL] [/home/emanuele/Git/SimpleEasyCLogger/SECLogger/SimpleEasyCLogger/main.c:main():62] [pid:272173 - pthread: 75835200] [Operation: TEST 3: ttt] [Result: TEST_2]
[2022-10-10 15:58:19.420] [FATAL] [/home/emanuele/Git/SimpleEasyCLogger/SECLogger/SimpleEasyCLogger/main.c:main():63] [pid:272173 - pthread: 75835200] TEST 1: ttt
[2022-10-10 15:58:19.421] [ERROR] [/home/emanuele/Git/SimpleEasyCLogger/SECLogger/SimpleEasyCLogger/main.c:main():65] [pid:272173 - pthread: 75835200] TEST 1: ttt
[2022-10-10 15:58:19.422] [ERROR] [/home/emanuele/Git/SimpleEasyCLogger/SECLogger/SimpleEasyCLogger/main.c:main():66] [pid:272173 - pthread: 75835200] [Operation: TEST 2: ttt] [CAT:111 CID:111] [Result: TEST_1]
[2022-10-10 15:58:19.424] [ERROR] [/home/emanuele/Git/SimpleEasyCLogger/SECLogger/SimpleEasyCLogger/main.c:main():67] [pid:272173 - pthread: 75835200] [Operation: TEST 3: ttt] [Result: TEST_2]
[2022-10-10 15:58:19.426] [WARN] [/home/emanuele/Git/SimpleEasyCLogger/SECLogger/SimpleEasyCLogger/main.c:main():69] [pid:272173 - pthread: 75835200] TEST 1: ttt
[2022-10-10 15:58:19.428] [WARN] [/home/emanuele/Git/SimpleEasyCLogger/SECLogger/SimpleEasyCLogger/main.c:main():70] [pid:272173 - pthread: 75835200] [Operation: TEST 2: ttt] [CAT:111 CID:111] [Result: TEST_1]
[2022-10-10 15:58:19.429] [WARN] [/home/emanuele/Git/SimpleEasyCLogger/SECLogger/SimpleEasyCLogger/main.c:main():71] [pid:272173 - pthread: 75835200] [Operation: TEST 3: ttt] [Result: TEST_2]
[2022-10-10 15:58:19.431] [INFO] [/home/emanuele/Git/SimpleEasyCLogger/SECLogger/SimpleEasyCLogger/main.c:main():73] [pid:272173 - pthread: 75835200] TEST 1: ttt
[2022-10-10 15:58:19.433] [INFO] [/home/emanuele/Git/SimpleEasyCLogger/SECLogger/SimpleEasyCLogger/main.c:main():74] [pid:272173 - pthread: 75835200] [Operation: TEST 2: ttt] [CAT:111 CID:111] [Result: TEST_1]
[2022-10-10 15:58:19.435] [INFO] [/home/emanuele/Git/SimpleEasyCLogger/SECLogger/SimpleEasyCLogger/main.c:main():75] [pid:272173 - pthread: 75835200] [Operation: TEST 3: ttt] [Result: TEST_2]
[2022-10-10 15:58:19.439] [INFO] [/home/emanuele/Git/SimpleEasyCLogger/SECLogger/SimpleEasyCLogger/main.c:main():93] [Thread Main - pid:272173 - pthread: 75835200] [Operation: Avvio Sessione] [CAT:0 CID:0] [Result: TEST_1]
[2022-10-10 15:58:21.448] [WARN] [/home/emanuele/Git/SimpleEasyCLogger/SECLogger/SimpleEasyCLogger/main.c:main():97] [Thread Main - pid:272173 - pthread: 75835200] [Operation: Avvio Sessione] [CAT:0 CID:0] [Result: TEST_2]
[2022-10-10 15:58:21.453] [INFO] [/home/emanuele/Git/SimpleEasyCLogger/SECLogger/SimpleEasyCLogger/main.c:main():93] [Thread Main - pid:272173 - pthread: 75835200] [Operation: Avvio Sessione] [CAT:0 CID:0] [Result: TEST_1]
[2022-10-10 15:58:23.454] [WARN] [/home/emanuele/Git/SimpleEasyCLogger/SECLogger/SimpleEasyCLogger/main.c:main():97] [Thread Main - pid:272173 - pthread: 75835200] [Operation: Avvio Sessione] [CAT:0 CID:0] [Result: TEST_2]
[2022-10-10 15:58:23.456] [INFO] [/home/emanuele/Git/SimpleEasyCLogger/SECLogger/SimpleEasyCLogger/main.c:main():93] [Thread Main - pid:272173 - pthread: 75835200] [Operation: Avvio Sessione] [CAT:0 CID:0] [Result: TEST_1]
[2022-10-10 15:58:25.457] [WARN] [/home/emanuele/Git/SimpleEasyCLogger/SECLogger/SimpleEasyCLogger/main.c:main():97] [Thread Main - pid:272173 - pthread: 75835200] [Operation: Avvio Sessione] [CAT:0 CID:0] [Result: TEST_2]
[2022-10-10 15:58:25.464] [ERROR] [/home/emanuele/Git/SimpleEasyCLogger/SECLogger/SimpleEasyCLogger/main.c:main():104] [Thread Main - pid:272173 - pthread: 75835200] [Operation: Avvio Sessione] [CAT:0 CID:0] [Result: TEST_1]
[2022-10-10 15:58:25.468] [ERROR] [/home/emanuele/Git/SimpleEasyCLogger/SECLogger/SimpleEasyCLogger/main.c:main():110] [Thread Main - pid:272173 - pthread: 75835200] [Operation: Avvio Sessione] [Result: TEST_2]
[2022-10-10 15:59:29.746] [INFO] [/home/emanuele/Git/SimpleEasyCLogger/SECLogger/SimpleEasyCLogger/main.c:main():56] [Thread Main - pid:272503 - pthread: 75835200] [Operation: Init Logger] [Result: TEST_1]
[2022-10-10 15:59:29.757] [FATAL] [/home/emanuele/Git/SimpleEasyCLogger/SECLogger/SimpleEasyCLogger/main.c:main():60] [pid:272503 - pthread: 75835200] TEST 1: ttt
[2022-10-10 15:59:29.759] [FATAL] [/home/emanuele/Git/SimpleEasyCLogger/SECLogger/SimpleEasyCLogger/main.c:main():61] [pid:272503 - pthread: 75835200] [Operation: TEST 2: ttt] [CAT:111 CID:111] [Result: TEST_1]
[2022-10-10 15:59:29.762] [FATAL] [/home/emanuele/Git/SimpleEasyCLogger/SECLogger/SimpleEasyCLogger/main.c:main():62] [pid:272503 - pthread: 75835200] [Operation: TEST 3: ttt] [Result: TEST_2]
[2022-10-10 15:59:29.764] [FATAL] [/home/emanuele/Git/SimpleEasyCLogger/SECLogger/SimpleEasyCLogger/main.c:main():63] [pid:272503 - pthread: 75835200] TEST 1: ttt
[2022-10-10 15:59:29.764] [ERROR] [/home/emanuele/Git/SimpleEasyCLogger/SECLogger/SimpleEasyCLogger/main.c:main():65] [pid:272503 - pthread: 75835200] TEST 1: ttt
[2022-10-10 15:59:29.766] [ERROR] [/home/emanuele/Git/SimpleEasyCLogger/SECLogger/SimpleEasyCLogger/main.c:main():66] [pid:272503 - pthread: 75835200] [Operation: TEST 2: ttt] [CAT:111 CID:111] [Result: TEST_1]
[2022-10-10 15:59:29.768] [ERROR] [/home/emanuele/Git/SimpleEasyCLogger/SECLogger/SimpleEasyCLogger/main.c:main():67] [pid:272503 - pthread: 75835200] [Operation: TEST 3: ttt] [Result: TEST_2]
[2022-10-10 15:59:29.769] [WARN] [/home/emanuele/Git/SimpleEasyCLogger/SECLogger/SimpleEasyCLogger/main.c:main():69] [pid:272503 - pthread: 75835200] TEST 1: ttt
[2022-10-10 15:59:29.771] [WARN] [/home/emanuele/Git/SimpleEasyCLogger/SECLogger/SimpleEasyCLogger/main.c:main():70] [pid:272503 - pthread: 75835200] [Operation: TEST 2: ttt] [CAT:111 CID:111] [Result: TEST_1]
[2022-10-10 15:59:29.773] [WARN] [/home/emanuele/Git/SimpleEasyCLogger/SECLogger/SimpleEasyCLogger/main.c:main():71] [pid:272503 - pthread: 75835200] [Operation: TEST 3: ttt] [Result: TEST_2]
[2022-10-10 15:59:29.774] [INFO] [/home/emanuele/Git/SimpleEasyCLogger/SECLogger/SimpleEasyCLogger/main.c:main():73] [pid:272503 - pthread: 75835200] TEST 1: ttt
[2022-10-10 15:59:29.776] [INFO] [/home/emanuele/Git/SimpleEasyCLogger/SECLogger/SimpleEasyCLogger/main.c:main():74] [pid:272503 - pthread: 75835200] [Operation: TEST 2: ttt] [CAT:111 CID:111] [Result: TEST_1]
[2022-10-10 15:59:29.778] [INFO] [/home/emanuele/Git/SimpleEasyCLogger/SECLogger/SimpleEasyCLogger/main.c:main():75] [pid:272503 - pthread: 75835200] [Operation: TEST 3: ttt] [Result: TEST_2]
[2022-10-10 15:59:29.783] [INFO] [/home/emanuele/Git/SimpleEasyCLogger/SECLogger/SimpleEasyCLogger/main.c:main():91] [Thread Main - pid:272503 - pthread: 75835200] [Operation: Avvio Sessione] [CAT:123 CID:123] [Result: TEST_1]
[2022-10-10 15:59:31.791] [WARN] [/home/emanuele/Git/SimpleEasyCLogger/SECLogger/SimpleEasyCLogger/main.c:main():95] [Thread Main - pid:272503 - pthread: 75835200] [Operation: Avvio Sessione] [CAT:123 CID:123] [Result: TEST_2]
[2022-10-10 15:59:31.797] [INFO] [/home/emanuele/Git/SimpleEasyCLogger/SECLogger/SimpleEasyCLogger/main.c:main():91] [Thread Main - pid:272503 - pthread: 75835200] [Operation: Avvio Sessione] [CAT:123 CID:123] [Result: TEST_1]
[2022-10-10 15:59:33.797] [WARN] [/home/emanuele/Git/SimpleEasyCLogger/SECLogger/SimpleEasyCLogger/main.c:main():95] [Thread Main - pid:272503 - pthread: 75835200] [Operation: Avvio Sessione] [CAT:123 CID:123] [Result: TEST_2]
[2022-10-10 15:59:33.798] [INFO] [/home/emanuele/Git/SimpleEasyCLogger/SECLogger/SimpleEasyCLogger/main.c:main():91] [Thread Main - pid:272503 - pthread: 75835200] [Operation: Avvio Sessione] [CAT:123 CID:123] [Result: TEST_1]
[2022-10-10 15:59:35.798] [WARN] [/home/emanuele/Git/SimpleEasyCLogger/SECLogger/SimpleEasyCLogger/main.c:main():95] [Thread Main - pid:272503 - pthread: 75835200] [Operation: Avvio Sessione] [CAT:123 CID:123] [Result: TEST_2]
[2022-10-10 15:59:35.799] [ERROR] [/home/emanuele/Git/SimpleEasyCLogger/SECLogger/SimpleEasyCLogger/main.c:main():102] [Thread Main - pid:272503 - pthread: 75835200] [Operation: Avvio Sessione] [CAT:123 CID:123] [Result: TEST_1]
[2022-10-10 15:59:35.801] [ERROR] [/home/emanuele/Git/SimpleEasyCLogger/SECLogger/SimpleEasyCLogger/main.c:main():108] [Thread Main - pid:272503 - pthread: 75835200] [Operation: Avvio Sessione] [Result: TEST_2]
[2022-10-10 16:00:35.618] [INFO] [/home/emanuele/Git/SimpleEasyCLogger/SECLogger/SimpleEasyCLogger/main.c:main():56] [Thread Main - pid:272719 - pthread: 75835200] [Operation: Init Logger] [Result: TEST_1]
[2022-10-10 16:00:35.626] [FATAL] [/home/emanuele/Git/SimpleEasyCLogger/SECLogger/SimpleEasyCLogger/main.c:main():60] [pid:272719 - pthread: 75835200] TEST 1: ttt
[2022-10-10 16:00:35.627] [FATAL] [/home/emanuele/Git/SimpleEasyCLogger/SECLogger/SimpleEasyCLogger/main.c:main():61] [pid:272719 - pthread: 75835200] [Operation: TEST 2: ttt] [CAT:111 CID:111] [Result: TEST_1]
[2022-10-10 16:00:35.629] [FATAL] [/home/emanuele/Git/SimpleEasyCLogger/SECLogger/SimpleEasyCLogger/main.c:main():62] [pid:272719 - pthread: 75835200] [Operation: TEST 3: ttt] [Result: TEST_2]
[2022-10-10 16:00:35.629] [FATAL] [/home/emanuele/Git/SimpleEasyCLogger/SECLogger/SimpleEasyCLogger/main.c:main():63] [pid:272719 - pthread: 75835200] TEST 1: ttt
[2022-10-10 16:00:35.630] [ERROR] [/home/emanuele/Git/SimpleEasyCLogger/SECLogger/SimpleEasyCLogger/main.c:main():65] [pid:272719 - pthread: 75835200] TEST 1: ttt
[2022-10-10 16:00:35.630] [ERROR] [/home/emanuele/Git/SimpleEasyCLogger/SECLogger/SimpleEasyCLogger/main.c:main():66] [pid:272719 - pthread: 75835200] [Operation: TEST 2: ttt] [CAT:111 CID:111] [Result: TEST_1]
[2022-10-10 16:00:35.631] [ERROR] [/home/emanuele/Git/SimpleEasyCLogger/SECLogger/SimpleEasyCLogger/main.c:main():67] [pid:272719 - pthread: 75835200] [Operation: TEST 3: ttt] [Result: TEST_2]
[2022-10-10 16:00:35.632] [WARN] [/home/emanuele/Git/SimpleEasyCLogger/SECLogger/SimpleEasyCLogger/main.c:main():69] [pid:272719 - pthread: 75835200] TEST 1: ttt
[2022-10-10 16:00:35.632] [WARN] [/home/emanuele/Git/SimpleEasyCLogger/SECLogger/SimpleEasyCLogger/main.c:main():70] [pid:272719 - pthread: 75835200] [Operation: TEST 2: ttt] [CAT:111 CID:111] [Result: TEST_1]
[2022-10-10 16:00:35.633] [WARN] [/home/emanuele/Git/SimpleEasyCLogger/SECLogger/SimpleEasyCLogger/main.c:main():71] [pid:272719 - pthread: 75835200] [Operation: TEST 3: ttt] [Result: TEST_2]
[2022-10-10 16:00:35.634] [INFO] [/home/emanuele/Git/SimpleEasyCLogger/SECLogger/SimpleEasyCLogger/main.c:main():73] [pid:272719 - pthread: 75835200] TEST 1: ttt
[2022-10-10 16:00:35.634] [INFO] [/home/emanuele/Git/SimpleEasyCLogger/SECLogger/SimpleEasyCLogger/main.c:main():74] [pid:272719 - pthread: 75835200] [Operation: TEST 2: ttt] [CAT:111 CID:111] [Result: TEST_1]
[2022-10-10 16:00:35.635] [INFO] [/home/emanuele/Git/SimpleEasyCLogger/SECLogger/SimpleEasyCLogger/main.c:main():75] [pid:272719 - pthread: 75835200] [Operation: TEST 3: ttt] [Result: TEST_2]
[2022-10-10 16:00:35.637] [INFO] [/home/emanuele/Git/SimpleEasyCLogger/SECLogger/SimpleEasyCLogger/main.c:main():91] [Thread Main - pid:272719 - pthread: 75835200] [Operation: Avvio Sessione] [CAT:123 CID:123] [Result: TEST_1]
[2022-10-10 16:00:37.641] [WARN] [/home/emanuele/Git/SimpleEasyCLogger/SECLogger/SimpleEasyCLogger/main.c:main():95] [Thread Main - pid:272719 - pthread: 75835200] [Operation: Avvio Sessione] [CAT:123 CID:123] [Result: TEST_2]
[2022-10-10 16:00:37.644] [INFO] [/home/emanuele/Git/SimpleEasyCLogger/SECLogger/SimpleEasyCLogger/main.c:main():91] [Thread Main - pid:272719 - pthread: 75835200] [Operation: Avvio Sessione] [CAT:123 CID:123] [Result: TEST_1]
[2022-10-10 16:00:39.645] [WARN] [/home/emanuele/Git/SimpleEasyCLogger/SECLogger/SimpleEasyCLogger/main.c:main():95] [Thread Main - pid:272719 - pthread: 75835200] [Operation: Avvio Sessione] [CAT:123 CID:123] [Result: TEST_2]
[2022-10-10 16:00:39.647] [INFO] [/home/emanuele/Git/SimpleEasyCLogger/SECLogger/SimpleEasyCLogger/main.c:main():91] [Thread Main - pid:272719 - pthread: 75835200] [Operation: Avvio Sessione] [CAT:123 CID:123] [Result: TEST_1]
[2022-10-10 16:00:41.648] [WARN] [/home/emanuele/Git/SimpleEasyCLogger/SECLogger/SimpleEasyCLogger/main.c:main():95] [Thread Main - pid:272719 - pthread: 75835200] [Operation: Avvio Sessione] [CAT:123 CID:123] [Result: TEST_2]
[2022-10-10 16:00:41.653] [ERROR] [/home/emanuele/Git/SimpleEasyCLogger/SECLogger/SimpleEasyCLogger/main.c:main():102] [Thread Main - pid:272719 - pthread: 75835200] [Operation: Avvio Sessione] [CAT:123 CID:123] [Result: TEST_1]
[2022-10-10 16:00:41.655] [ERROR] [/home/emanuele/Git/SimpleEasyCLogger/SECLogger/SimpleEasyCLogger/main.c:main():108] [Thread Main - pid:272719 - pthread: 75835200] [Operation: Avvio Sessione] [Result: TEST_2]
[2022-10-10 16:06:45.729] [INFO] [/home/emanuele/Git/SimpleEasyCLogger/SECLogger/SimpleEasyCLogger/main.c:main():56] [Thread Main - pid:273191 - pthread: 75835200] [Operation: Init Logger] [Result: TEST_1]
[2022-10-10 16:06:45.740] [FATAL] [/home/emanuele/Git/SimpleEasyCLogger/SECLogger/SimpleEasyCLogger/main.c:main():60] [pid:273191 - pthread: 75835200] TEST 1: ttt
[2022-10-10 16:06:45.741] [FATAL] [/home/emanuele/Git/SimpleEasyCLogger/SECLogger/SimpleEasyCLogger/main.c:main():61] [pid:273191 - pthread: 75835200] [Operation: TEST 2: ttt] [CAT:111 CID:111] [Result: TEST_1]
[2022-10-10 16:06:45.742] [FATAL] [/home/emanuele/Git/SimpleEasyCLogger/SECLogger/SimpleEasyCLogger/main.c:main():62] [pid:273191 - pthread: 75835200] [Operation: TEST 3: ttt] [Result: TEST_2]
[2022-10-10 16:06:45.743] [FATAL] [/home/emanuele/Git/SimpleEasyCLogger/SECLogger/SimpleEasyCLogger/main.c:main():63] [pid:273191 - pthread: 75835200] TEST 1: ttt
[2022-10-10 16:06:45.743] [ERROR] [/home/emanuele/Git/SimpleEasyCLogger/SECLogger/SimpleEasyCLogger/main.c:main():65] [pid:273191 - pthread: 75835200] TEST 1: ttt
[2022-10-10 16:06:45.744] [ERROR] [/home/emanuele/Git/SimpleEasyCLogger/SECLogger/SimpleEasyCLogger/main.c:main():66] [pid:273191 - pthread: 75835200] [Operation: TEST 2: ttt] [CAT:111 CID:111] [Result: TEST_1]
[2022-10-10 16:06:45.745] [ERROR] [/home/emanuele/Git/SimpleEasyCLogger/SECLogger/SimpleEasyCLogger/main.c:main():67] [pid:273191 - pthread: 75835200] [Operation: TEST 3: ttt] [Result: TEST_2]
[2022-10-10 16:06:45.745] [WARN] [/home/emanuele/Git/SimpleEasyCLogger/SECLogger/SimpleEasyCLogger/main.c:main():69] [pid:273191 - pthread: 75835200] TEST 1: ttt
[2022-10-10 16:06:45.746] [WARN] [/home/emanuele/Git/SimpleEasyCLogger/SECLogger/SimpleEasyCLogger/main.c:main():70] [pid:273191 - pthread: 75835200] [Operation: TEST 2: ttt] [CAT:111 CID:111] [Result: TEST_1]
[2022-10-10 16:06:45.747] [WARN] [/home/emanuele/Git/SimpleEasyCLogger/SECLogger/SimpleEasyCLogger/main.c:main():71] [pid:273191 - pthread: 75835200] [Operation: TEST 3: ttt] [Result: TEST_2]
[2022-10-10 16:06:45.748] [INFO] [/home/emanuele/Git/SimpleEasyCLogger/SECLogger/SimpleEasyCLogger/main.c:main():73] [pid:273191 - pthread: 75835200] TEST 1: ttt
[2022-10-10 16:06:45.748] [INFO] [/home/emanuele/Git/SimpleEasyCLogger/SECLogger/SimpleEasyCLogger/main.c:main():74] [pid:273191 - pthread: 75835200] [Operation: TEST 2: ttt] [CAT:111 CID:111] [Result: TEST_1]
[2022-10-10 16:06:45.749] [INFO] [/home/emanuele/Git/SimpleEasyCLogger/SECLogger/SimpleEasyCLogger/main.c:main():75] [pid:273191 - pthread: 75835200] [Operation: TEST 3: ttt] [Result: TEST_2]
[2022-10-10 16:06:45.751] [INFO] [/home/emanuele/Git/SimpleEasyCLogger/SECLogger/SimpleEasyCLogger/main.c:main():91] [Thread Main - pid:273191 - pthread: 75835200] [Operation: Avvio Sessione] [CAT:123 CID:123] [Result: TEST_1]
[2022-10-10 16:06:47.755] [WARN] [/home/emanuele/Git/SimpleEasyCLogger/SECLogger/SimpleEasyCLogger/main.c:main():95] [Thread Main - pid:273191 - pthread: 75835200] [Operation: Avvio Sessione] [CAT:123 CID:123] [Result: TEST_2]
[2022-10-10 16:06:47.758] [INFO] [/home/emanuele/Git/SimpleEasyCLogger/SECLogger/SimpleEasyCLogger/main.c:main():91] [Thread Main - pid:273191 - pthread: 75835200] [Operation: Avvio Sessione] [CAT:123 CID:123] [Result: TEST_1]
[2022-10-10 16:06:49.759] [WARN] [/home/emanuele/Git/SimpleEasyCLogger/SECLogger/SimpleEasyCLogger/main.c:main():95] [Thread Main - pid:273191 - pthread: 75835200] [Operation: Avvio Sessione] [CAT:123 CID:123] [Result: TEST_2]
[2022-10-10 16:06:49.760] [INFO] [/home/emanuele/Git/SimpleEasyCLogger/SECLogger/SimpleEasyCLogger/main.c:main():91] [Thread Main - pid:273191 - pthread: 75835200] [Operation: Avvio Sessione] [CAT:123 CID:123] [Result: TEST_1]
[2022-10-10 16:06:51.762] [WARN] [/home/emanuele/Git/SimpleEasyCLogger/SECLogger/SimpleEasyCLogger/main.c:main():95] [Thread Main - pid:273191 - pthread: 75835200] [Operation: Avvio Sessione] [CAT:123 CID:123] [Result: TEST_2]
[2022-10-10 16:06:51.766] [ERROR] [/home/emanuele/Git/SimpleEasyCLogger/SECLogger/SimpleEasyCLogger/main.c:main():102] [Thread Main - pid:273191 - pthread: 75835200] [Operation: Avvio Sessione] [CAT:123 CID:123] [Result: TEST_1]
[2022-10-10 16:06:51.769] [ERROR] [/home/emanuele/Git/SimpleEasyCLogger/SECLogger/SimpleEasyCLogger/main.c:main():108] [Thread Main - pid:273191 - pthread: 75835200] [Operation: Avvio Sessione] [Result: TEST_2]
[2022-10-10 16:17:16.747] [INFO] [/home/emanuele/Git/SimpleEasyCLogger/SECLogger/SimpleEasyCLogger/main.c:main():56] [Thread Main - pid:273803 - pthread: 75835200] [Operation: Init Logger] [Result: TEST_1]
[2022-10-10 16:17:16.759] [FATAL] [/home/emanuele/Git/SimpleEasyCLogger/SECLogger/SimpleEasyCLogger/main.c:main():60] [pid:273803 - pthread: 75835200] TEST 1: ttt
[2022-10-10 16:17:16.761] [FATAL] [/home/emanuele/Git/SimpleEasyCLogger/SECLogger/SimpleEasyCLogger/main.c:main():61] [pid:273803 - pthread: 75835200] [Operation: TEST 2: ttt] [CAT:111 CID:111] [Result: TEST_1]
[2022-10-10 16:17:16.763] [FATAL] [/home/emanuele/Git/SimpleEasyCLogger/SECLogger/SimpleEasyCLogger/main.c:main():62] [pid:273803 - pthread: 75835200] [Operation: TEST 3: ttt] [Result: TEST_2]
[2022-10-10 16:17:16.765] [FATAL] [/home/emanuele/Git/SimpleEasyCLogger/SECLogger/SimpleEasyCLogger/main.c:main():63] [pid:273803 - pthread: 75835200] TEST 1: ttt
[2022-10-10 16:17:16.766] [ERROR] [/home/emanuele/Git/SimpleEasyCLogger/SECLogger/SimpleEasyCLogger/main.c:main():65] [pid:273803 - pthread: 75835200] TEST 1: ttt
[2022-10-10 16:17:16.767] [ERROR] [/home/emanuele/Git/SimpleEasyCLogger/SECLogger/SimpleEasyCLogger/main.c:main():66] [pid:273803 - pthread: 75835200] [Operation: TEST 2: ttt] [CAT:111 CID:111] [Result: TEST_1]
[2022-10-10 16:17:16.769] [ERROR] [/home/emanuele/Git/SimpleEasyCLogger/SECLogger/SimpleEasyCLogger/main.c:main():67] [pid:273803 - pthread: 75835200] [Operation: TEST 3: ttt] [Result: TEST_2]
[2022-10-10 16:17:16.771] [WARN] [/home/emanuele/Git/SimpleEasyCLogger/SECLogger/SimpleEasyCLogger/main.c:main():69] [pid:273803 - pthread: 75835200] TEST 1: ttt
[2022-10-10 16:17:16.773] [WARN] [/home/emanuele/Git/SimpleEasyCLogger/SECLogger/SimpleEasyCLogger/main.c:main():70] [pid:273803 - pthread: 75835200] [Operation: TEST 2: ttt] [CAT:111 CID:111] [Result: TEST_1]
[2022-10-10 16:17:16.775] [WARN] [/home/emanuele/Git/SimpleEasyCLogger/SECLogger/SimpleEasyCLogger/main.c:main():71] [pid:273803 - pthread: 75835200] [Operation: TEST 3: ttt] [Result: TEST_2]
[2022-10-10 16:17:16.776] [INFO] [/home/emanuele/Git/SimpleEasyCLogger/SECLogger/SimpleEasyCLogger/main.c:main():73] [pid:273803 - pthread: 75835200] TEST 1: ttt
[2022-10-10 16:17:16.778] [INFO] [/home/emanuele/Git/SimpleEasyCLogger/SECLogger/SimpleEasyCLogger/main.c:main():74] [pid:273803 - pthread: 75835200] [Operation: TEST 2: ttt] [CAT:111 CID:111] [Result: TEST_1]
[2022-10-10 16:17:16.780] [INFO] [/home/emanuele/Git/SimpleEasyCLogger/SECLogger/SimpleEasyCLogger/main.c:main():75] [pid:273803 - pthread: 75835200] [Operation: TEST 3: ttt] [Result: TEST_2]
[2022-10-10 16:17:16.785] [INFO] [/home/emanuele/Git/SimpleEasyCLogger/SECLogger/SimpleEasyCLogger/main.c:main():91] [Thread Main - pid:273803 - pthread: 75835200] [Operation: Avvio Sessione] [CAT:123 CID:123] [Result: TEST_1]
[2022-10-10 16:17:18.794] [WARN] [/home/emanuele/Git/SimpleEasyCLogger/SECLogger/SimpleEasyCLogger/main.c:main():95] [Thread Main - pid:273803 - pthread: 75835200] [Operation: Avvio Sessione] [CAT:123 CID:123] [Result: TEST_2]
[2022-10-10 16:17:18.799] [INFO] [/home/emanuele/Git/SimpleEasyCLogger/SECLogger/SimpleEasyCLogger/main.c:main():91] [Thread Main - pid:273803 - pthread: 75835200] [Operation: Avvio Sessione] [CAT:123 CID:123] [Result: TEST_1]
[2022-10-10 16:17:20.800] [WARN] [/home/emanuele/Git/SimpleEasyCLogger/SECLogger/SimpleEasyCLogger/main.c:main():95] [Thread Main - pid:273803 - pthread: 75835200] [Operation: Avvio Sessione] [CAT:123 CID:123] [Result: TEST_2]
[2022-10-10 16:17:20.802] [INFO] [/home/emanuele/Git/SimpleEasyCLogger/SECLogger/SimpleEasyCLogger/main.c:main():91] [Thread Main - pid:273803 - pthread: 75835200] [Operation: Avvio Sessione] [CAT:123 CID:123] [Result: TEST_1]
[2022-10-10 16:17:22.803] [WARN] [/home/emanuele/Git/SimpleEasyCLogger/SECLogger/SimpleEasyCLogger/main.c:main():95] [Thread Main - pid:273803 - pthread: 75835200] [Operation: Avvio Sessione] [CAT:123 CID:123] [Result: TEST_2]
[2022-10-10 16:17:22.809] [ERROR] [/home/emanuele/Git/SimpleEasyCLogger/SECLogger/SimpleEasyCLogger/main.c:main():102] [Thread Main - pid:273803 - pthread: 75835200] [Operation: Avvio Sessione] [CAT:123 CID:123] [Result: TEST_1]
[2022-10-10 16:17:22.813] [ERROR] [/home/emanuele/Git/SimpleEasyCLogger/SECLogger/SimpleEasyCLogger/main.c:main():108] [Thread Main - pid:273803 - pthread: 75835200] [Operation: Avvio Sessione] [Result: TEST_2]
[2022-10-10 16:19:00.388] [INFO] [/home/emanuele/Git/SimpleEasyCLogger/SECLogger/SimpleEasyCLogger/main.c:main():56] [Thread Main - pid:274035 - pthread: 75835200] [Operation: Init Logger] [Result: TEST_1]
[2022-10-10 16:19:00.395] [FATAL] [/home/emanuele/Git/SimpleEasyCLogger/SECLogger/SimpleEasyCLogger/main.c:main():60] [pid:274035 - pthread: 75835200] TEST 1: ttt
[2022-10-10 16:19:00.396] [FATAL] [/home/emanuele/Git/SimpleEasyCLogger/SECLogger/SimpleEasyCLogger/main.c:main():61] [pid:274035 - pthread: 75835200] [Operation: TEST 2: ttt] [CAT:111 CID:111] [Result: TEST_1]
[2022-10-10 16:19:00.398] [FATAL] [/home/emanuele/Git/SimpleEasyCLogger/SECLogger/SimpleEasyCLogger/main.c:main():62] [pid:274035 - pthread: 75835200] [Operation: TEST 3: ttt] [Result: TEST_2]
[2022-10-10 16:19:00.398] [FATAL] [/home/emanuele/Git/SimpleEasyCLogger/SECLogger/SimpleEasyCLogger/main.c:main():63] [pid:274035 - pthread: 75835200] TEST 1: ttt
[2022-10-10 16:19:00.399] [ERROR] [/home/emanuele/Git/SimpleEasyCLogger/SECLogger/SimpleEasyCLogger/main.c:main():65] [pid:274035 - pthread: 75835200] TEST 1: ttt
[2022-10-10 16:19:00.399] [ERROR] [/home/emanuele/Git/SimpleEasyCLogger/SECLogger/SimpleEasyCLogger/main.c:main():66] [pid:274035 - pthread: 75835200] [Operation: TEST 2: ttt] [CAT:111 CID:111] [Result: TEST_1]
[2022-10-10 16:19:00.400] [ERROR] [/home/emanuele/Git/SimpleEasyCLogger/SECLogger/SimpleEasyCLogger/main.c:main():67] [pid:274035 - pthread: 75835200] [Operation: TEST 3: ttt] [Result: TEST_2]
[2022-10-10 16:19:00.401] [WARN] [/home/emanuele/Git/SimpleEasyCLogger/SECLogger/SimpleEasyCLogger/main.c:main():69] [pid:274035 - pthread: 75835200] TEST 1: ttt
[2022-10-10 16:19:00.401] [WARN] [/home/emanuele/Git/SimpleEasyCLogger/SECLogger/SimpleEasyCLogger/main.c:main():70] [pid:274035 - pthread: 75835200] [Operation: TEST 2: ttt] [CAT:111 CID:111] [Result: TEST_1]
[2022-10-10 16:19:00.402] [WARN] [/home/emanuele/Git/SimpleEasyCLogger/SECLogger/SimpleEasyCLogger/main.c:main():71] [pid:274035 - pthread: 75835200] [Operation: TEST 3: ttt] [Result: TEST_2]
[2022-10-10 16:19:00.403] [INFO] [/home/emanuele/Git/SimpleEasyCLogger/SECLogger/SimpleEasyCLogger/main.c:main():73] [pid:274035 - pthread: 75835200] TEST 1: ttt
[2022-10-10 16:19:00.403] [INFO] [/home/emanuele/Git/SimpleEasyCLogger/SECLogger/SimpleEasyCLogger/main.c:main():74] [pid:274035 - pthread: 75835200] [Operation: TEST 2: ttt] [CAT:111 CID:111] [Result: TEST_1]
[2022-10-10 16:19:00.404] [INFO] [/home/emanuele/Git/SimpleEasyCLogger/SECLogger/SimpleEasyCLogger/main.c:main():75] [pid:274035 - pthread: 75835200] [Operation: TEST 3: ttt] [Result: TEST_2]
[2022-10-10 16:19:00.406] [INFO] [/home/emanuele/Git/SimpleEasyCLogger/SECLogger/SimpleEasyCLogger/main.c:main():91] [Thread Main - pid:274035 - pthread: 75835200] [Operation: Avvio Sessione] [CAT:123 CID:123] [Result: TEST_1]
[2022-10-10 16:19:02.412] [WARN] [/home/emanuele/Git/SimpleEasyCLogger/SECLogger/SimpleEasyCLogger/main.c:main():95] [Thread Main - pid:274035 - pthread: 75835200] [Operation: Avvio Sessione] [CAT:123 CID:123] [Result: TEST_2]
[2022-10-10 16:19:02.414] [INFO] [/home/emanuele/Git/SimpleEasyCLogger/SECLogger/SimpleEasyCLogger/main.c:main():91] [Thread Main - pid:274035 - pthread: 75835200] [Operation: Avvio Sessione] [CAT:123 CID:123] [Result: TEST_1]
[2022-10-10 16:19:04.415] [WARN] [/home/emanuele/Git/SimpleEasyCLogger/SECLogger/SimpleEasyCLogger/main.c:main():95] [Thread Main - pid:274035 - pthread: 75835200] [Operation: Avvio Sessione] [CAT:123 CID:123] [Result: TEST_2]
[2022-10-10 16:19:04.417] [INFO] [/home/emanuele/Git/SimpleEasyCLogger/SECLogger/SimpleEasyCLogger/main.c:main():91] [Thread Main - pid:274035 - pthread: 75835200] [Operation: Avvio Sessione] [CAT:123 CID:123] [Result: TEST_1]
[2022-10-10 16:19:06.418] [WARN] [/home/emanuele/Git/SimpleEasyCLogger/SECLogger/SimpleEasyCLogger/main.c:main():95] [Thread Main - pid:274035 - pthread: 75835200] [Operation: Avvio Sessione] [CAT:123 CID:123] [Result: TEST_2]
[2022-10-10 16:19:06.423] [ERROR] [/home/emanuele/Git/SimpleEasyCLogger/SECLogger/SimpleEasyCLogger/main.c:main():102] [Thread Main - pid:274035 - pthread: 75835200] [Operation: Avvio Sessione] [CAT:123 CID:123] [Result: TEST_1]
[2022-10-10 16:19:06.425] [ERROR] [/home/emanuele/Git/SimpleEasyCLogger/SECLogger/SimpleEasyCLogger/main.c:main():108] [Thread Main - pid:274035 - pthread: 75835200] [Operation: Avvio Sessione] [Result: TEST_2]
[2022-10-10 17:01:39.747] [INFO] [/home/emanuele/Git/SimpleEasyCLogger/SECLogger/SimpleEasyCLogger/main.c:main():56] [Thread Main - pid:275745 - pthread: 75835200] [Operation: Init Logger] [Result: TEST_1]
[2022-10-10 17:01:39.754] [FATAL] [/home/emanuele/Git/SimpleEasyCLogger/SECLogger/SimpleEasyCLogger/main.c:main():60] [pid:275745 - pthread: 75835200] TEST 1: ttt
[2022-10-10 17:01:39.755] [FATAL] [/home/emanuele/Git/SimpleEasyCLogger/SECLogger/SimpleEasyCLogger/main.c:main():61] [pid:275745 - pthread: 75835200] [Operation: TEST 2: ttt] [CAT:111 CID:111] [Result: TEST_1]
[2022-10-10 17:01:39.756] [FATAL] [/home/emanuele/Git/SimpleEasyCLogger/SECLogger/SimpleEasyCLogger/main.c:main():62] [pid:275745 - pthread: 75835200] [Operation: TEST 3: ttt] [Result: TEST_2]
[2022-10-10 17:01:39.756] [FATAL] [/home/emanuele/Git/SimpleEasyCLogger/SECLogger/SimpleEasyCLogger/main.c:main():63] [pid:275745 - pthread: 75835200] TEST 1: ttt
[2022-10-10 17:01:39.757] [ERROR] [/home/emanuele/Git/SimpleEasyCLogger/SECLogger/SimpleEasyCLogger/main.c:main():65] [pid:275745 - pthread: 75835200] TEST 1: ttt
[2022-10-10 17:01:39.757] [ERROR] [/home/emanuele/Git/SimpleEasyCLogger/SECLogger/SimpleEasyCLogger/main.c:main():66] [pid:275745 - pthread: 75835200] [Operation: TEST 2: ttt] [CAT:111 CID:111] [Result: TEST_1]
[2022-10-10 17:01:39.758] [ERROR] [/home/emanuele/Git/SimpleEasyCLogger/SECLogger/SimpleEasyCLogger/main.c:main():67] [pid:275745 - pthread: 75835200] [Operation: TEST 3: ttt] [Result: TEST_2]
[2022-10-10 17:01:39.759] [WARN] [/home/emanuele/Git/SimpleEasyCLogger/SECLogger/SimpleEasyCLogger/main.c:main():69] [pid:275745 - pthread: 75835200] TEST 1: ttt
[2022-10-10 17:01:39.760] [WARN] [/home/emanuele/Git/SimpleEasyCLogger/SECLogger/SimpleEasyCLogger/main.c:main():70] [pid:275745 - pthread: 75835200] [Operation: TEST 2: ttt] [CAT:111 CID:111] [Result: TEST_1]
[2022-10-10 17:01:39.760] [WARN] [/home/emanuele/Git/SimpleEasyCLogger/SECLogger/SimpleEasyCLogger/main.c:main():71] [pid:275745 - pthread: 75835200] [Operation: TEST 3: ttt] [Result: TEST_2]
[2022-10-10 17:01:39.761] [INFO] [/home/emanuele/Git/SimpleEasyCLogger/SECLogger/SimpleEasyCLogger/main.c:main():73] [pid:275745 - pthread: 75835200] TEST 1: ttt
[2022-10-10 17:01:39.762] [INFO] [/home/emanuele/Git/SimpleEasyCLogger/SECLogger/SimpleEasyCLogger/main.c:main():74] [pid:275745 - pthread: 75835200] [Operation: TEST 2: ttt] [CAT:111 CID:111] [Result: TEST_1]
[2022-10-10 17:01:39.763] [INFO] [/home/emanuele/Git/SimpleEasyCLogger/SECLogger/SimpleEasyCLogger/main.c:main():75] [pid:275745 - pthread: 75835200] [Operation: TEST 3: ttt] [Result: TEST_2]
[2022-10-10 17:01:39.765] [INFO] [/home/emanuele/Git/SimpleEasyCLogger/SECLogger/SimpleEasyCLogger/main.c:main():91] [Thread Main - pid:275745 - pthread: 75835200] [Operation: Avvio Sessione] [CAT:123 CID:123] [Result: TEST_1]
[2022-10-10 17:01:41.770] [WARN] [/home/emanuele/Git/SimpleEasyCLogger/SECLogger/SimpleEasyCLogger/main.c:main():95] [Thread Main - pid:275745 - pthread: 75835200] [Operation: Avvio Sessione] [CAT:123 CID:123] [Result: TEST_2]
[2022-10-10 17:01:41.773] [INFO] [/home/emanuele/Git/SimpleEasyCLogger/SECLogger/SimpleEasyCLogger/main.c:main():91] [Thread Main - pid:275745 - pthread: 75835200] [Operation: Avvio Sessione] [CAT:123 CID:123] [Result: TEST_1]
[2022-10-10 17:01:43.773] [WARN] [/home/emanuele/Git/SimpleEasyCLogger/SECLogger/SimpleEasyCLogger/main.c:main():95] [Thread Main - pid:275745 - pthread: 75835200] [Operation: Avvio Sessione] [CAT:123 CID:123] [Result: TEST_2]
[2022-10-10 17:01:43.775] [INFO] [/home/emanuele/Git/SimpleEasyCLogger/SECLogger/SimpleEasyCLogger/main.c:main():91] [Thread Main - pid:275745 - pthread: 75835200] [Operation: Avvio Sessione] [CAT:123 CID:123] [Result: TEST_1]
[2022-10-10 17:01:45.776] [WARN] [/home/emanuele/Git/SimpleEasyCLogger/SECLogger/SimpleEasyCLogger/main.c:main():95] [Thread Main - pid:275745 - pthread: 75835200] [Operation: Avvio Sessione] [CAT:123 CID:123] [Result: TEST_2]
[2022-10-10 17:01:45.781] [ERROR] [/home/emanuele/Git/SimpleEasyCLogger/SECLogger/SimpleEasyCLogger/main.c:main():102] [Thread Main - pid:275745 - pthread: 75835200] [Operation: Avvio Sessione] [CAT:123 CID:123] [Result: TEST_1]
[2022-10-10 17:01:45.783] [ERROR] [/home/emanuele/Git/SimpleEasyCLogger/SECLogger/SimpleEasyCLogger/main.c:main():108] [Thread Main - pid:275745 - pthread: 75835200] [Operation: Avvio Sessione] [Result: TEST_2]
[2022-10-10 17:02:29.96] [INFO] [/home/emanuele/Git/SimpleEasyCLogger/SECLogger/SimpleEasyCLogger/main.c:main():56] [Thread Main - pid:276023 - pthread: 75835200] [Operation: Init Logger] [Result: TEST_1]
[2022-10-10 17:02:29.101] [FATAL] [/home/emanuele/Git/SimpleEasyCLogger/SECLogger/SimpleEasyCLogger/main.c:main():60] [pid:276023 - pthread: 75835200] TEST 1: ttt
[2022-10-10 17:02:29.102] [FATAL] [/home/emanuele/Git/SimpleEasyCLogger/SECLogger/SimpleEasyCLogger/main.c:main():61] [pid:276023 - pthread: 75835200] [Operation: TEST 2: ttt] [CAT:111 CID:111] [Result: TEST_1]
[2022-10-10 17:02:29.103] [FATAL] [/home/emanuele/Git/SimpleEasyCLogger/SECLogger/SimpleEasyCLogger/main.c:main():62] [pid:276023 - pthread: 75835200] [Operation: TEST 3: ttt] [Result: TEST_2]
[2022-10-10 17:02:29.104] [FATAL] [/home/emanuele/Git/SimpleEasyCLogger/SECLogger/SimpleEasyCLogger/main.c:main():63] [pid:276023 - pthread: 75835200] TEST 1: ttt
[2022-10-10 17:02:29.104] [ERROR] [/home/emanuele/Git/SimpleEasyCLogger/SECLogger/SimpleEasyCLogger/main.c:main():65] [pid:276023 - pthread: 75835200] TEST 1: ttt
[2022-10-10 17:02:29.105] [ERROR] [/home/emanuele/Git/SimpleEasyCLogger/SECLogger/SimpleEasyCLogger/main.c:main():66] [pid:276023 - pthread: 75835200] [Operation: TEST 2: ttt] [CAT:111 CID:111] [Result: TEST_1]
[2022-10-10 17:02:29.106] [ERROR] [/home/emanuele/Git/SimpleEasyCLogger/SECLogger/SimpleEasyCLogger/main.c:main():67] [pid:276023 - pthread: 75835200] [Operation: TEST 3: ttt] [Result: TEST_2]
[2022-10-10 17:02:29.106] [WARN] [/home/emanuele/Git/SimpleEasyCLogger/SECLogger/SimpleEasyCLogger/main.c:main():69] [pid:276023 - pthread: 75835200] TEST 1: ttt
[2022-10-10 17:02:29.107] [WARN] [/home/emanuele/Git/SimpleEasyCLogger/SECLogger/SimpleEasyCLogger/main.c:main():70] [pid:276023 - pthread: 75835200] [Operation: TEST 2: ttt] [CAT:111 CID:111] [Result: TEST_1]
[2022-10-10 17:02:29.108] [WARN] [/home/emanuele/Git/SimpleEasyCLogger/SECLogger/SimpleEasyCLogger/main.c:main():71] [pid:276023 - pthread: 75835200] [Operation: TEST 3: ttt] [Result: TEST_2]
[2022-10-10 17:02:29.108] [INFO] [/home/emanuele/Git/SimpleEasyCLogger/SECLogger/SimpleEasyCLogger/main.c:main():73] [pid:276023 - pthread: 75835200] TEST 1: ttt
[2022-10-10 17:02:29.109] [INFO] [/home/emanuele/Git/SimpleEasyCLogger/SECLogger/SimpleEasyCLogger/main.c:main():74] [pid:276023 - pthread: 75835200] [Operation: TEST 2: ttt] [CAT:111 CID:111] [Result: TEST_1]
[2022-10-10 17:02:29.110] [INFO] [/home/emanuele/Git/SimpleEasyCLogger/SECLogger/SimpleEasyCLogger/main.c:main():75] [pid:276023 - pthread: 75835200] [Operation: TEST 3: ttt] [Result: TEST_2]
[2022-10-10 17:02:29.112] [INFO] [/home/emanuele/Git/SimpleEasyCLogger/SECLogger/SimpleEasyCLogger/main.c:main():91] [Thread Main - pid:276023 - pthread: 75835200] [Operation: Avvio Sessione] [CAT:123 CID:123] [Result: TEST_1]
[2022-10-10 17:02:31.116] [WARN] [/home/emanuele/Git/SimpleEasyCLogger/SECLogger/SimpleEasyCLogger/main.c:main():95] [Thread Main - pid:276023 - pthread: 75835200] [Operation: Avvio Sessione] [CAT:123 CID:123] [Result: TEST_2]
[2022-10-10 17:02:31.123] [INFO] [/home/emanuele/Git/SimpleEasyCLogger/SECLogger/SimpleEasyCLogger/main.c:main():91] [Thread Main - pid:276023 - pthread: 75835200] [Operation: Avvio Sessione] [CAT:123 CID:123] [Result: TEST_1]
[2022-10-10 17:02:33.125] [WARN] [/home/emanuele/Git/SimpleEasyCLogger/SECLogger/SimpleEasyCLogger/main.c:main():95] [Thread Main - pid:276023 - pthread: 75835200] [Operation: Avvio Sessione] [CAT:123 CID:123] [Result: TEST_2]
[2022-10-10 17:02:33.125] [INFO] [/home/emanuele/Git/SimpleEasyCLogger/SECLogger/SimpleEasyCLogger/main.c:main():91] [Thread Main - pid:276023 - pthread: 75835200] [Operation: Avvio Sessione] [CAT:123 CID:123] [Result: TEST_1]
[2022-10-10 17:02:35.125] [WARN] [/home/emanuele/Git/SimpleEasyCLogger/SECLogger/SimpleEasyCLogger/main.c:main():95] [Thread Main - pid:276023 - pthread: 75835200] [Operation: Avvio Sessione] [CAT:123 CID:123] [Result: TEST_2]
[2022-10-10 17:02:35.126] [ERROR] [/home/emanuele/Git/SimpleEasyCLogger/SECLogger/SimpleEasyCLogger/main.c:main():102] [Thread Main - pid:276023 - pthread: 75835200] [Operation: Avvio Sessione] [CAT:123 CID:123] [Result: TEST_1]
[2022-10-10 17:02:35.127] [ERROR] [/home/emanuele/Git/SimpleEasyCLogger/SECLogger/SimpleEasyCLogger/main.c:main():108] [Thread Main - pid:276023 - pthread: 75835200] [Operation: Avvio Sessione] [Result: TEST_2]
[2022-10-10 17:04:48.293] [INFO] [/home/emanuele/Git/SimpleEasyCLogger/SECLogger/SimpleEasyCLogger/main.c:main():56] [Thread Main - pid:276822 - pthread: 75835200] [Operation: Init Logger] [Result: TEST_1]
[2022-10-10 17:04:48.302] [FATAL] [/home/emanuele/Git/SimpleEasyCLogger/SECLogger/SimpleEasyCLogger/main.c:main():60] [pid:276822 - pthread: 75835200] TEST 1: ttt
[2022-10-10 17:04:48.313] [FATAL] [/home/emanuele/Git/SimpleEasyCLogger/SECLogger/SimpleEasyCLogger/main.c:main():61] [pid:276822 - pthread: 75835200] [Operation: TEST 2: ttt] [CAT:111 CID:111] [Result: TEST_1]
[2022-10-10 17:04:48.315] [FATAL] [/home/emanuele/Git/SimpleEasyCLogger/SECLogger/SimpleEasyCLogger/main.c:main():62] [pid:276822 - pthread: 75835200] [Operation: TEST 3: ttt] [Result: TEST_2]
[2022-10-10 17:04:48.316] [FATAL] [/home/emanuele/Git/SimpleEasyCLogger/SECLogger/SimpleEasyCLogger/main.c:main():63] [pid:276822 - pthread: 75835200] TEST 1: ttt
[2022-10-10 17:04:48.316] [ERROR] [/home/emanuele/Git/SimpleEasyCLogger/SECLogger/SimpleEasyCLogger/main.c:main():65] [pid:276822 - pthread: 75835200] TEST 1: ttt
[2022-10-10 17:04:48.317] [ERROR] [/home/emanuele/Git/SimpleEasyCLogger/SECLogger/SimpleEasyCLogger/main.c:main():66] [pid:276822 - pthread: 75835200] [Operation: TEST 2: ttt] [CAT:111 CID:111] [Result: TEST_1]
[2022-10-10 17:04:48.335] [ERROR] [/home/emanuele/Git/SimpleEasyCLogger/SECLogger/SimpleEasyCLogger/main.c:main():67] [pid:276822 - pthread: 75835200] [Operation: TEST 3: ttt] [Result: TEST_2]
[2022-10-10 17:04:48.336] [WARN] [/home/emanuele/Git/SimpleEasyCLogger/SECLogger/SimpleEasyCLogger/main.c:main():69] [pid:276822 - pthread: 75835200] TEST 1: ttt
[2022-10-10 17:04:48.337] [WARN] [/home/emanuele/Git/SimpleEasyCLogger/SECLogger/SimpleEasyCLogger/main.c:main():70] [pid:276822 - pthread: 75835200] [Operation: TEST 2: ttt] [CAT:111 CID:111] [Result: TEST_1]
[2022-10-10 17:04:48.338] [WARN] [/home/emanuele/Git/SimpleEasyCLogger/SECLogger/SimpleEasyCLogger/main.c:main():71] [pid:276822 - pthread: 75835200] [Operation: TEST 3: ttt] [Result: TEST_2]
[2022-10-10 17:04:48.339] [INFO] [/home/emanuele/Git/SimpleEasyCLogger/SECLogger/SimpleEasyCLogger/main.c:main():73] [pid:276822 - pthread: 75835200] TEST 1: ttt
[2022-10-10 17:04:48.339] [INFO] [/home/emanuele/Git/SimpleEasyCLogger/SECLogger/SimpleEasyCLogger/main.c:main():74] [pid:276822 - pthread: 75835200] [Operation: TEST 2: ttt] [CAT:111 CID:111] [Result: TEST_1]
[2022-10-10 17:04:48.340] [INFO] [/home/emanuele/Git/SimpleEasyCLogger/SECLogger/SimpleEasyCLogger/main.c:main():75] [pid:276822 - pthread: 75835200] [Operation: TEST 3: ttt] [Result: TEST_2]
[2022-10-10 17:04:48.343] [INFO] [/home/emanuele/Git/SimpleEasyCLogger/SECLogger/SimpleEasyCLogger/main.c:main():91] [Thread Main - pid:276822 - pthread: 75835200] [Operation: Avvio Sessione] [CAT:123 CID:123] [Result: TEST_1]
[2022-10-10 17:04:50.347] [WARN] [/home/emanuele/Git/SimpleEasyCLogger/SECLogger/SimpleEasyCLogger/main.c:main():95] [Thread Main - pid:276822 - pthread: 75835200] [Operation: Avvio Sessione] [CAT:123 CID:123] [Result: TEST_2]
[2022-10-10 17:04:50.350] [INFO] [/home/emanuele/Git/SimpleEasyCLogger/SECLogger/SimpleEasyCLogger/main.c:main():91] [Thread Main - pid:276822 - pthread: 75835200] [Operation: Avvio Sessione] [CAT:123 CID:123] [Result: TEST_1]
[2022-10-10 17:04:52.351] [WARN] [/home/emanuele/Git/SimpleEasyCLogger/SECLogger/SimpleEasyCLogger/main.c:main():95] [Thread Main - pid:276822 - pthread: 75835200] [Operation: Avvio Sessione] [CAT:123 CID:123] [Result: TEST_2]
[2022-10-10 17:04:52.353] [INFO] [/home/emanuele/Git/SimpleEasyCLogger/SECLogger/SimpleEasyCLogger/main.c:main():91] [Thread Main - pid:276822 - pthread: 75835200] [Operation: Avvio Sessione] [CAT:123 CID:123] [Result: TEST_1]
[2022-10-10 17:04:54.354] [WARN] [/home/emanuele/Git/SimpleEasyCLogger/SECLogger/SimpleEasyCLogger/main.c:main():95] [Thread Main - pid:276822 - pthread: 75835200] [Operation: Avvio Sessione] [CAT:123 CID:123] [Result: TEST_2]
[2022-10-10 17:04:54.359] [ERROR] [/home/emanuele/Git/SimpleEasyCLogger/SECLogger/SimpleEasyCLogger/main.c:main():102] [Thread Main - pid:276822 - pthread: 75835200] [Operation: Avvio Sessione] [CAT:123 CID:123] [Result: TEST_1]
[2022-10-10 17:04:54.362] [ERROR] [/home/emanuele/Git/SimpleEasyCLogger/SECLogger/SimpleEasyCLogger/main.c:main():108] [Thread Main - pid:276822 - pthread: 75835200] [Operation: Avvio Sessione] [Result: TEST_2]
[2022-10-10 17:05:46.204] [INFO] [/home/emanuele/Git/SimpleEasyCLogger/SECLogger/SimpleEasyCLogger/main.c:main():56] [Thread Main - pid:277119 - pthread: 75835200] [Operation: Init Logger] [Result: TEST_1]
[2022-10-10 17:05:46.209] [FATAL] [/home/emanuele/Git/SimpleEasyCLogger/SECLogger/SimpleEasyCLogger/main.c:main():60] [pid:277119 - pthread: 75835200] TEST 1: ttt
[2022-10-10 17:05:46.210] [FATAL] [/home/emanuele/Git/SimpleEasyCLogger/SECLogger/SimpleEasyCLogger/main.c:main():61] [pid:277119 - pthread: 75835200] [Operation: TEST 2: ttt] [CAT:111 CID:111] [Result: TEST_1]
[2022-10-10 17:05:46.211] [FATAL] [/home/emanuele/Git/SimpleEasyCLogger/SECLogger/SimpleEasyCLogger/main.c:main():62] [pid:277119 - pthread: 75835200] [Operation: TEST 3: ttt] [Result: TEST_2]
[2022-10-10 17:05:46.212] [FATAL] [/home/emanuele/Git/SimpleEasyCLogger/SECLogger/SimpleEasyCLogger/main.c:main():63] [pid:277119 - pthread: 75835200] TEST 1: ttt
[2022-10-10 17:05:46.212] [ERROR] [/home/emanuele/Git/SimpleEasyCLogger/SECLogger/SimpleEasyCLogger/main.c:main():65] [pid:277119 - pthread: 75835200] TEST 1: ttt
[2022-10-10 17:05:46.213] [ERROR] [/home/emanuele/Git/SimpleEasyCLogger/SECLogger/SimpleEasyCLogger/main.c:main():66] [pid:277119 - pthread: 75835200] [Operation: TEST 2: ttt] [CAT:111 CID:111] [Result: TEST_1]
[2022-10-10 17:05:46.214] [ERROR] [/home/emanuele/Git/SimpleEasyCLogger/SECLogger/SimpleEasyCLogger/main.c:main():67] [pid:277119 - pthread: 75835200] [Operation: TEST 3: ttt] [Result: TEST_2]
[2022-10-10 17:05:46.215] [WARN] [/home/emanuele/Git/SimpleEasyCLogger/SECLogger/SimpleEasyCLogger/main.c:main():69] [pid:277119 - pthread: 75835200] TEST 1: ttt
[2022-10-10 17:05:46.216] [WARN] [/home/emanuele/Git/SimpleEasyCLogger/SECLogger/SimpleEasyCLogger/main.c:main():70] [pid:277119 - pthread: 75835200] [Operation: TEST 2: ttt] [CAT:111 CID:111] [Result: TEST_1]
[2022-10-10 17:05:46.216] [WARN] [/home/emanuele/Git/SimpleEasyCLogger/SECLogger/SimpleEasyCLogger/main.c:main():71] [pid:277119 - pthread: 75835200] [Operation: TEST 3: ttt] [Result: TEST_2]
[2022-10-10 17:05:46.217] [INFO] [/home/emanuele/Git/SimpleEasyCLogger/SECLogger/SimpleEasyCLogger/main.c:main():73] [pid:277119 - pthread: 75835200] TEST 1: ttt
[2022-10-10 17:05:46.218] [INFO] [/home/emanuele/Git/SimpleEasyCLogger/SECLogger/SimpleEasyCLogger/main.c:main():74] [pid:277119 - pthread: 75835200] [Operation: TEST 2: ttt] [CAT:111 CID:111] [Result: TEST_1]
[2022-10-10 17:05:46.218] [INFO] [/home/emanuele/Git/SimpleEasyCLogger/SECLogger/SimpleEasyCLogger/main.c:main():75] [pid:277119 - pthread: 75835200] [Operation: TEST 3: ttt] [Result: TEST_2]
[2022-10-10 17:05:46.220] [INFO] [/home/emanuele/Git/SimpleEasyCLogger/SECLogger/SimpleEasyCLogger/main.c:main():91] [Thread Main - pid:277119 - pthread: 75835200] [Operation: Avvio Sessione] [CAT:123 CID:123] [Result: TEST_1]
[2022-10-10 17:06:32.962] [INFO] [/home/emanuele/Git/SimpleEasyCLogger/SECLogger/SimpleEasyCLogger/main.c:main():56] [Thread Main - pid:277601 - pthread: 75835200] [Operation: Init Logger] [Result: TEST_1]
[2022-10-10 17:06:32.973] [FATAL] [/home/emanuele/Git/SimpleEasyCLogger/SECLogger/SimpleEasyCLogger/main.c:main():60] [pid:277601 - pthread: 75835200] TEST 1: ttt
[2022-10-10 17:06:32.981] [FATAL] [/home/emanuele/Git/SimpleEasyCLogger/SECLogger/SimpleEasyCLogger/main.c:main():61] [pid:277601 - pthread: 75835200] [Operation: TEST 2: ttt] [CAT:111 CID:111] [Result: TEST_1]
[2022-10-10 17:06:32.982] [FATAL] [/home/emanuele/Git/SimpleEasyCLogger/SECLogger/SimpleEasyCLogger/main.c:main():62] [pid:277601 - pthread: 75835200] [Operation: TEST 3: ttt] [Result: TEST_2]
[2022-10-10 17:06:32.983] [FATAL] [/home/emanuele/Git/SimpleEasyCLogger/SECLogger/SimpleEasyCLogger/main.c:main():63] [pid:277601 - pthread: 75835200] TEST 1: ttt
[2022-10-10 17:06:32.984] [ERROR] [/home/emanuele/Git/SimpleEasyCLogger/SECLogger/SimpleEasyCLogger/main.c:main():65] [pid:277601 - pthread: 75835200] TEST 1: ttt
[2022-10-10 17:06:32.985] [ERROR] [/home/emanuele/Git/SimpleEasyCLogger/SECLogger/SimpleEasyCLogger/main.c:main():66] [pid:277601 - pthread: 75835200] [Operation: TEST 2: ttt] [CAT:111 CID:111] [Result: TEST_1]
[2022-10-10 17:06:32.987] [ERROR] [/home/emanuele/Git/SimpleEasyCLogger/SECLogger/SimpleEasyCLogger/main.c:main():67] [pid:277601 - pthread: 75835200] [Operation: TEST 3: ttt] [Result: TEST_2]
[2022-10-10 17:06:32.988] [WARN] [/home/emanuele/Git/SimpleEasyCLogger/SECLogger/SimpleEasyCLogger/main.c:main():69] [pid:277601 - pthread: 75835200] TEST 1: ttt
[2022-10-10 17:06:32.989] [WARN] [/home/emanuele/Git/SimpleEasyCLogger/SECLogger/SimpleEasyCLogger/main.c:main():70] [pid:277601 - pthread: 75835200] [Operation: TEST 2: ttt] [CAT:111 CID:111] [Result: TEST_1]
[2022-10-10 17:06:32.990] [WARN] [/home/emanuele/Git/SimpleEasyCLogger/SECLogger/SimpleEasyCLogger/main.c:main():71] [pid:277601 - pthread: 75835200] [Operation: TEST 3: ttt] [Result: TEST_2]
[2022-10-10 17:06:33.15] [INFO] [/home/emanuele/Git/SimpleEasyCLogger/SECLogger/SimpleEasyCLogger/main.c:main():73] [pid:277601 - pthread: 75835200] TEST 1: ttt
[2022-10-10 17:06:33.16] [INFO] [/home/emanuele/Git/SimpleEasyCLogger/SECLogger/SimpleEasyCLogger/main.c:main():74] [pid:277601 - pthread: 75835200] [Operation: TEST 2: ttt] [CAT:111 CID:111] [Result: TEST_1]
[2022-10-10 17:06:33.18] [INFO] [/home/emanuele/Git/SimpleEasyCLogger/SECLogger/SimpleEasyCLogger/main.c:main():75] [pid:277601 - pthread: 75835200] [Operation: TEST 3: ttt] [Result: TEST_2]
[2022-10-10 17:06:33.21] [INFO] [/home/emanuele/Git/SimpleEasyCLogger/SECLogger/SimpleEasyCLogger/main.c:main():91] [Thread Main - pid:277601 - pthread: 75835200] [Operation: Avvio Sessione] [CAT:123 CID:123] [Result: TEST_1]
[2022-10-10 17:06:35.22] [WARN] [/home/emanuele/Git/SimpleEasyCLogger/SECLogger/SimpleEasyCLogger/main.c:main():95] [Thread Main - pid:277601 - pthread: 75835200] [Operation: Avvio Sessione] [CAT:123 CID:123] [Result: TEST_2]
[2022-10-10 17:06:35.23] [INFO] [/home/emanuele/Git/SimpleEasyCLogger/SECLogger/SimpleEasyCLogger/main.c:main():91] [Thread Main - pid:277601 - pthread: 75835200] [Operation: Avvio Sessione] [CAT:123 CID:123] [Result: TEST_1]
[2022-10-10 17:06:37.23] [WARN] [/home/emanuele/Git/SimpleEasyCLogger/SECLogger/SimpleEasyCLogger/main.c:main():95] [Thread Main - pid:277601 - pthread: 75835200] [Operation: Avvio Sessione] [CAT:123 CID:123] [Result: TEST_2]
[2022-10-10 17:06:37.23] [INFO] [/home/emanuele/Git/SimpleEasyCLogger/SECLogger/SimpleEasyCLogger/main.c:main():91] [Thread Main - pid:277601 - pthread: 75835200] [Operation: Avvio Sessione] [CAT:123 CID:123] [Result: TEST_1]
[2022-10-10 17:06:39.24] [WARN] [/home/emanuele/Git/SimpleEasyCLogger/SECLogger/SimpleEasyCLogger/main.c:main():95] [Thread Main - pid:277601 - pthread: 75835200] [Operation: Avvio Sessione] [CAT:123 CID:123] [Result: TEST_2]
[2022-10-10 17:06:39.29] [ERROR] [/home/emanuele/Git/SimpleEasyCLogger/SECLogger/SimpleEasyCLogger/main.c:main():102] [Thread Main - pid:277601 - pthread: 75835200] [Operation: Avvio Sessione] [CAT:123 CID:123] [Result: TEST_1]
[2022-10-10 17:06:39.31] [ERROR] [/home/emanuele/Git/SimpleEasyCLogger/SECLogger/SimpleEasyCLogger/main.c:main():108] [Thread Main - pid:277601 - pthread: 75835200] [Operation: Avvio Sessione] [Result: TEST_2]
[2022-10-10 17:08:26.658] [INFO] [/home/emanuele/Git/SimpleEasyCLogger/SECLogger/SimpleEasyCLogger/main.c:main():56] [Thread Main - pid:277934 - pthread: 75835200] [Operation: Init Logger] [Result: TEST_1]
[2022-10-10 17:08:26.670] [FATAL] [/home/emanuele/Git/SimpleEasyCLogger/SECLogger/SimpleEasyCLogger/main.c:main():60] [pid:277934 - pthread: 75835200] TEST 1: ttt
[2022-10-10 17:08:26.676] [FATAL] [/home/emanuele/Git/SimpleEasyCLogger/SECLogger/SimpleEasyCLogger/main.c:main():61] [pid:277934 - pthread: 75835200] [Operation: TEST 2: ttt] [CAT:111 CID:111] [Result: TEST_1]
[2022-10-10 17:08:26.677] [FATAL] [/home/emanuele/Git/SimpleEasyCLogger/SECLogger/SimpleEasyCLogger/main.c:main():62] [pid:277934 - pthread: 75835200] [Operation: TEST 3: ttt] [Result: TEST_2]
[2022-10-10 17:08:26.678] [FATAL] [/home/emanuele/Git/SimpleEasyCLogger/SECLogger/SimpleEasyCLogger/main.c:main():63] [pid:277934 - pthread: 75835200] TEST 1: ttt
[2022-10-10 17:08:26.679] [ERROR] [/home/emanuele/Git/SimpleEasyCLogger/SECLogger/SimpleEasyCLogger/main.c:main():65] [pid:277934 - pthread: 75835200] TEST 1: ttt
[2022-10-10 17:08:26.680] [ERROR] [/home/emanuele/Git/SimpleEasyCLogger/SECLogger/SimpleEasyCLogger/main.c:main():66] [pid:277934 - pthread: 75835200] [Operation: TEST 2: ttt] [CAT:111 CID:111] [Result: TEST_1]
[2022-10-10 17:08:26.681] [ERROR] [/home/emanuele/Git/SimpleEasyCLogger/SECLogger/SimpleEasyCLogger/main.c:main():67] [pid:277934 - pthread: 75835200] [Operation: TEST 3: ttt] [Result: TEST_2]
[2022-10-10 17:08:26.681] [WARN] [/home/emanuele/Git/SimpleEasyCLogger/SECLogger/SimpleEasyCLogger/main.c:main():69] [pid:277934 - pthread: 75835200] TEST 1: ttt
[2022-10-10 17:08:26.682] [WARN] [/home/emanuele/Git/SimpleEasyCLogger/SECLogger/SimpleEasyCLogger/main.c:main():70] [pid:277934 - pthread: 75835200] [Operation: TEST 2: ttt] [CAT:111 CID:111] [Result: TEST_1]
[2022-10-10 17:08:26.702] [WARN] [/home/emanuele/Git/SimpleEasyCLogger/SECLogger/SimpleEasyCLogger/main.c:main():71] [pid:277934 - pthread: 75835200] [Operation: TEST 3: ttt] [Result: TEST_2]
[2022-10-10 17:08:26.703] [INFO] [/home/emanuele/Git/SimpleEasyCLogger/SECLogger/SimpleEasyCLogger/main.c:main():73] [pid:277934 - pthread: 75835200] TEST 1: ttt
[2022-10-10 17:08:26.704] [INFO] [/home/emanuele/Git/SimpleEasyCLogger/SECLogger/SimpleEasyCLogger/main.c:main():74] [pid:277934 - pthread: 75835200] [Operation: TEST 2: ttt] [CAT:111 CID:111] [Result: TEST_1]
[2022-10-10 17:08:26.705] [INFO] [/home/emanuele/Git/SimpleEasyCLogger/SECLogger/SimpleEasyCLogger/main.c:main():75] [pid:277934 - pthread: 75835200] [Operation: TEST 3: ttt] [Result: TEST_2]
[2022-10-10 17:08:26.708] [INFO] [/home/emanuele/Git/SimpleEasyCLogger/SECLogger/SimpleEasyCLogger/main.c:main():91] [Thread Main - pid:277934 - pthread: 75835200] [Operation: Avvio Sessione] [CAT:123 CID:123] [Result: TEST_1]
[2022-10-10 17:08:28.714] [WARN] [/home/emanuele/Git/SimpleEasyCLogger/SECLogger/SimpleEasyCLogger/main.c:main():95] [Thread Main - pid:277934 - pthread: 75835200] [Operation: Avvio Sessione] [CAT:123 CID:123] [Result: TEST_2]
[2022-10-10 17:08:28.716] [INFO] [/home/emanuele/Git/SimpleEasyCLogger/SECLogger/SimpleEasyCLogger/main.c:main():91] [Thread Main - pid:277934 - pthread: 75835200] [Operation: Avvio Sessione] [CAT:123 CID:123] [Result: TEST_1]
[2022-10-10 17:08:30.717] [WARN] [/home/emanuele/Git/SimpleEasyCLogger/SECLogger/SimpleEasyCLogger/main.c:main():95] [Thread Main - pid:277934 - pthread: 75835200] [Operation: Avvio Sessione] [CAT:123 CID:123] [Result: TEST_2]
[2022-10-10 17:08:30.718] [INFO] [/home/emanuele/Git/SimpleEasyCLogger/SECLogger/SimpleEasyCLogger/main.c:main():91] [Thread Main - pid:277934 - pthread: 75835200] [Operation: Avvio Sessione] [CAT:123 CID:123] [Result: TEST_1]
[2022-10-10 17:08:32.720] [WARN] [/home/emanuele/Git/SimpleEasyCLogger/SECLogger/SimpleEasyCLogger/main.c:main():95] [Thread Main - pid:277934 - pthread: 75835200] [Operation: Avvio Sessione] [CAT:123 CID:123] [Result: TEST_2]
[2022-10-10 17:08:32.724] [ERROR] [/home/emanuele/Git/SimpleEasyCLogger/SECLogger/SimpleEasyCLogger/main.c:main():102] [Thread Main - pid:277934 - pthread: 75835200] [Operation: Avvio Sessione] [CAT:123 CID:123] [Result: TEST_1]
[2022-10-10 17:08:32.727] [ERROR] [/home/emanuele/Git/SimpleEasyCLogger/SECLogger/SimpleEasyCLogger/main.c:main():108] [Thread Main - pid:277934 - pthread: 75835200] [Operation: Avvio Sessione] [Result: TEST_2]
[2022-10-10 17:09:47.883] [INFO] [/home/emanuele/Git/SimpleEasyCLogger/SECLogger/SimpleEasyCLogger/main.c:main():56] [Thread Main - pid:278212 - pthread: 75835200] [Operation: Init Logger] [Result: TEST_1]
[2022-10-10 17:09:47.893] [FATAL] [/home/emanuele/Git/SimpleEasyCLogger/SECLogger/SimpleEasyCLogger/main.c:main():60] [pid:278212 - pthread: 75835200] TEST 1: ttt
[2022-10-10 17:09:47.899] [FATAL] [/home/emanuele/Git/SimpleEasyCLogger/SECLogger/SimpleEasyCLogger/main.c:main():61] [pid:278212 - pthread: 75835200] [Operation: TEST 2: ttt] [CAT:111 CID:111] [Result: TEST_1]
[2022-10-10 17:09:47.900] [FATAL] [/home/emanuele/Git/SimpleEasyCLogger/SECLogger/SimpleEasyCLogger/main.c:main():62] [pid:278212 - pthread: 75835200] [Operation: TEST 3: ttt] [Result: TEST_2]
[2022-10-10 17:09:47.901] [FATAL] [/home/emanuele/Git/SimpleEasyCLogger/SECLogger/SimpleEasyCLogger/main.c:main():63] [pid:278212 - pthread: 75835200] TEST 1: ttt
[2022-10-10 17:09:47.902] [ERROR] [/home/emanuele/Git/SimpleEasyCLogger/SECLogger/SimpleEasyCLogger/main.c:main():65] [pid:278212 - pthread: 75835200] TEST 1: ttt
[2022-10-10 17:09:47.903] [ERROR] [/home/emanuele/Git/SimpleEasyCLogger/SECLogger/SimpleEasyCLogger/main.c:main():66] [pid:278212 - pthread: 75835200] [Operation: TEST 2: ttt] [CAT:111 CID:111] [Result: TEST_1]
[2022-10-10 17:09:47.903] [ERROR] [/home/emanuele/Git/SimpleEasyCLogger/SECLogger/SimpleEasyCLogger/main.c:main():67] [pid:278212 - pthread: 75835200] [Operation: TEST 3: ttt] [Result: TEST_2]
[2022-10-10 17:09:47.904] [WARN] [/home/emanuele/Git/SimpleEasyCLogger/SECLogger/SimpleEasyCLogger/main.c:main():69] [pid:278212 - pthread: 75835200] TEST 1: ttt
[2022-10-10 17:09:47.905] [WARN] [/home/emanuele/Git/SimpleEasyCLogger/SECLogger/SimpleEasyCLogger/main.c:main():70] [pid:278212 - pthread: 75835200] [Operation: TEST 2: ttt] [CAT:111 CID:111] [Result: TEST_1]
[2022-10-10 17:09:47.906] [WARN] [/home/emanuele/Git/SimpleEasyCLogger/SECLogger/SimpleEasyCLogger/main.c:main():71] [pid:278212 - pthread: 75835200] [Operation: TEST 3: ttt] [Result: TEST_2]
[2022-10-10 17:09:47.907] [INFO] [/home/emanuele/Git/SimpleEasyCLogger/SECLogger/SimpleEasyCLogger/main.c:main():73] [pid:278212 - pthread: 75835200] TEST 1: ttt
[2022-10-10 17:09:47.948] [INFO] [/home/emanuele/Git/SimpleEasyCLogger/SECLogger/SimpleEasyCLogger/main.c:main():74] [pid:278212 - pthread: 75835200] [Operation: TEST 2: ttt] [CAT:111 CID:111] [Result: TEST_1]
[2022-10-10 17:09:47.954] [INFO] [/home/emanuele/Git/SimpleEasyCLogger/SECLogger/SimpleEasyCLogger/main.c:main():75] [pid:278212 - pthread: 75835200] [Operation: TEST 3: ttt] [Result: TEST_2]
[2022-10-10 17:09:47.964] [INFO] [/home/emanuele/Git/SimpleEasyCLogger/SECLogger/SimpleEasyCLogger/main.c:main():91] [Thread Main - pid:278212 - pthread: 75835200] [Operation: Avvio Sessione] [CAT:123 CID:123] [Result: TEST_1]
[2022-10-10 17:09:49.970] [WARN] [/home/emanuele/Git/SimpleEasyCLogger/SECLogger/SimpleEasyCLogger/main.c:main():95] [Thread Main - pid:278212 - pthread: 75835200] [Operation: Avvio Sessione] [CAT:123 CID:123] [Result: TEST_2]
[2022-10-10 17:09:49.973] [INFO] [/home/emanuele/Git/SimpleEasyCLogger/SECLogger/SimpleEasyCLogger/main.c:main():91] [Thread Main - pid:278212 - pthread: 75835200] [Operation: Avvio Sessione] [CAT:123 CID:123] [Result: TEST_1]
[2022-10-10 17:09:51.974] [WARN] [/home/emanuele/Git/SimpleEasyCLogger/SECLogger/SimpleEasyCLogger/main.c:main():95] [Thread Main - pid:278212 - pthread: 75835200] [Operation: Avvio Sessione] [CAT:123 CID:123] [Result: TEST_2]
[2022-10-10 17:09:51.975] [INFO] [/home/emanuele/Git/SimpleEasyCLogger/SECLogger/SimpleEasyCLogger/main.c:main():91] [Thread Main - pid:278212 - pthread: 75835200] [Operation: Avvio Sessione] [CAT:123 CID:123] [Result: TEST_1]
[2022-10-10 17:10:05.456] [INFO] [/home/emanuele/Git/SimpleEasyCLogger/SECLogger/SimpleEasyCLogger/main.c:main():56] [Thread Main - pid:278478 - pthread: 75835200] [Operation: Init Logger] [Result: TEST_1]
[2022-10-10 17:10:05.475] [FATAL] [/home/emanuele/Git/SimpleEasyCLogger/SECLogger/SimpleEasyCLogger/main.c:main():60] [pid:278478 - pthread: 75835200] TEST 1: ttt
[2022-10-10 17:10:05.476] [FATAL] [/home/emanuele/Git/SimpleEasyCLogger/SECLogger/SimpleEasyCLogger/main.c:main():61] [pid:278478 - pthread: 75835200] [Operation: TEST 2: ttt] [CAT:111 CID:111] [Result: TEST_1]
[2022-10-10 17:10:05.478] [FATAL] [/home/emanuele/Git/SimpleEasyCLogger/SECLogger/SimpleEasyCLogger/main.c:main():62] [pid:278478 - pthread: 75835200] [Operation: TEST 3: ttt] [Result: TEST_2]
[2022-10-10 17:10:05.479] [FATAL] [/home/emanuele/Git/SimpleEasyCLogger/SECLogger/SimpleEasyCLogger/main.c:main():63] [pid:278478 - pthread: 75835200] TEST 1: ttt
[2022-10-10 17:10:05.479] [ERROR] [/home/emanuele/Git/SimpleEasyCLogger/SECLogger/SimpleEasyCLogger/main.c:main():65] [pid:278478 - pthread: 75835200] TEST 1: ttt
[2022-10-10 17:10:05.480] [ERROR] [/home/emanuele/Git/SimpleEasyCLogger/SECLogger/SimpleEasyCLogger/main.c:main():66] [pid:278478 - pthread: 75835200] [Operation: TEST 2: ttt] [CAT:111 CID:111] [Result: TEST_1]
[2022-10-10 17:10:05.481] [ERROR] [/home/emanuele/Git/SimpleEasyCLogger/SECLogger/SimpleEasyCLogger/main.c:main():67] [pid:278478 - pthread: 75835200] [Operation: TEST 3: ttt] [Result: TEST_2]
[2022-10-10 17:10:05.482] [WARN] [/home/emanuele/Git/SimpleEasyCLogger/SECLogger/SimpleEasyCLogger/main.c:main():69] [pid:278478 - pthread: 75835200] TEST 1: ttt
[2022-10-10 17:10:05.483] [WARN] [/home/emanuele/Git/SimpleEasyCLogger/SECLogger/SimpleEasyCLogger/main.c:main():70] [pid:278478 - pthread: 75835200] [Operation: TEST 2: ttt] [CAT:111 CID:111] [Result: TEST_1]
[2022-10-10 17:10:05.497] [WARN] [/home/emanuele/Git/SimpleEasyCLogger/SECLogger/SimpleEasyCLogger/main.c:main():71] [pid:278478 - pthread: 75835200] [Operation: TEST 3: ttt] [Result: TEST_2]
[2022-10-10 17:10:05.498] [INFO] [/home/emanuele/Git/SimpleEasyCLogger/SECLogger/SimpleEasyCLogger/main.c:main():73] [pid:278478 - pthread: 75835200] TEST 1: ttt
[2022-10-10 17:10:05.499] [INFO] [/home/emanuele/Git/SimpleEasyCLogger/SECLogger/SimpleEasyCLogger/main.c:main():74] [pid:278478 - pthread: 75835200] [Operation: TEST 2: ttt] [CAT:111 CID:111] [Result: TEST_1]
[2022-10-10 17:10:05.500] [INFO] [/home/emanuele/Git/SimpleEasyCLogger/SECLogger/SimpleEasyCLogger/main.c:main():75] [pid:278478 - pthread: 75835200] [Operation: TEST 3: ttt] [Result: TEST_2]
[2022-10-10 17:10:05.503] [INFO] [/home/emanuele/Git/SimpleEasyCLogger/SECLogger/SimpleEasyCLogger/main.c:main():91] [Thread Main - pid:278478 - pthread: 75835200] [Operation: Avvio Sessione] [CAT:123 CID:123] [Result: TEST_1]
[2022-10-10 17:10:07.508] [WARN] [/home/emanuele/Git/SimpleEasyCLogger/SECLogger/SimpleEasyCLogger/main.c:main():95] [Thread Main - pid:278478 - pthread: 75835200] [Operation: Avvio Sessione] [CAT:123 CID:123] [Result: TEST_2]
[2022-10-10 17:10:07.510] [INFO] [/home/emanuele/Git/SimpleEasyCLogger/SECLogger/SimpleEasyCLogger/main.c:main():91] [Thread Main - pid:278478 - pthread: 75835200] [Operation: Avvio Sessione] [CAT:123 CID:123] [Result: TEST_1]
[2022-10-10 17:10:09.511] [WARN] [/home/emanuele/Git/SimpleEasyCLogger/SECLogger/SimpleEasyCLogger/main.c:main():95] [Thread Main - pid:278478 - pthread: 75835200] [Operation: Avvio Sessione] [CAT:123 CID:123] [Result: TEST_2]
[2022-10-10 17:10:09.512] [INFO] [/home/emanuele/Git/SimpleEasyCLogger/SECLogger/SimpleEasyCLogger/main.c:main():91] [Thread Main - pid:278478 - pthread: 75835200] [Operation: Avvio Sessione] [CAT:123 CID:123] [Result: TEST_1]
[2022-10-10 17:10:37.318] [INFO] [/home/emanuele/Git/SimpleEasyCLogger/SECLogger/SimpleEasyCLogger/main.c:main():56] [Thread Main - pid:278792 - pthread: 75835200] [Operation: Init Logger] [Result: TEST_1]
[2022-10-10 17:10:37.330] [FATAL] [/home/emanuele/Git/SimpleEasyCLogger/SECLogger/SimpleEasyCLogger/main.c:main():60] [pid:278792 - pthread: 75835200] TEST 1: ttt
[2022-10-10 17:10:37.341] [FATAL] [/home/emanuele/Git/SimpleEasyCLogger/SECLogger/SimpleEasyCLogger/main.c:main():61] [pid:278792 - pthread: 75835200] [Operation: TEST 2: ttt] [CAT:111 CID:111] [Result: TEST_1]
[2022-10-10 17:10:37.343] [FATAL] [/home/emanuele/Git/SimpleEasyCLogger/SECLogger/SimpleEasyCLogger/main.c:main():62] [pid:278792 - pthread: 75835200] [Operation: TEST 3: ttt] [Result: TEST_2]
[2022-10-10 17:10:37.344] [FATAL] [/home/emanuele/Git/SimpleEasyCLogger/SECLogger/SimpleEasyCLogger/main.c:main():63] [pid:278792 - pthread: 75835200] TEST 1: ttt
[2022-10-10 17:10:37.344] [ERROR] [/home/emanuele/Git/SimpleEasyCLogger/SECLogger/SimpleEasyCLogger/main.c:main():65] [pid:278792 - pthread: 75835200] TEST 1: ttt
[2022-10-10 17:10:37.362] [ERROR] [/home/emanuele/Git/SimpleEasyCLogger/SECLogger/SimpleEasyCLogger/main.c:main():66] [pid:278792 - pthread: 75835200] [Operation: TEST 2: ttt] [CAT:111 CID:111] [Result: TEST_1]
[2022-10-10 17:10:37.364] [ERROR] [/home/emanuele/Git/SimpleEasyCLogger/SECLogger/SimpleEasyCLogger/main.c:main():67] [pid:278792 - pthread: 75835200] [Operation: TEST 3: ttt] [Result: TEST_2]
[2022-10-10 17:10:37.365] [WARN] [/home/emanuele/Git/SimpleEasyCLogger/SECLogger/SimpleEasyCLogger/main.c:main():69] [pid:278792 - pthread: 75835200] TEST 1: ttt
[2022-10-10 17:10:37.366] [WARN] [/home/emanuele/Git/SimpleEasyCLogger/SECLogger/SimpleEasyCLogger/main.c:main():70] [pid:278792 - pthread: 75835200] [Operation: TEST 2: ttt] [CAT:111 CID:111] [Result: TEST_1]
[2022-10-10 17:10:37.368] [WARN] [/home/emanuele/Git/SimpleEasyCLogger/SECLogger/SimpleEasyCLogger/main.c:main():71] [pid:278792 - pthread: 75835200] [Operation: TEST 3: ttt] [Result: TEST_2]
[2022-10-10 17:10:37.369] [INFO] [/home/emanuele/Git/SimpleEasyCLogger/SECLogger/SimpleEasyCLogger/main.c:main():73] [pid:278792 - pthread: 75835200] TEST 1: ttt
[2022-10-10 17:10:37.370] [INFO] [/home/emanuele/Git/SimpleEasyCLogger/SECLogger/SimpleEasyCLogger/main.c:main():74] [pid:278792 - pthread: 75835200] [Operation: TEST 2: ttt] [CAT:111 CID:111] [Result: TEST_1]
[2022-10-10 17:10:37.371] [INFO] [/home/emanuele/Git/SimpleEasyCLogger/SECLogger/SimpleEasyCLogger/main.c:main():75] [pid:278792 - pthread: 75835200] [Operation: TEST 3: ttt] [Result: TEST_2]
[2022-10-10 17:10:37.374] [INFO] [/home/emanuele/Git/SimpleEasyCLogger/SECLogger/SimpleEasyCLogger/main.c:main():91] [Thread Main - pid:278792 - pthread: 75835200] [Operation: Avvio Sessione] [CAT:123 CID:123] [Result: TEST_1]
[2022-10-10 17:10:39.379] [WARN] [/home/emanuele/Git/SimpleEasyCLogger/SECLogger/SimpleEasyCLogger/main.c:main():95] [Thread Main - pid:278792 - pthread: 75835200] [Operation: Avvio Sessione] [CAT:123 CID:123] [Result: TEST_2]
[2022-10-10 17:10:39.382] [INFO] [/home/emanuele/Git/SimpleEasyCLogger/SECLogger/SimpleEasyCLogger/main.c:main():91] [Thread Main - pid:278792 - pthread: 75835200] [Operation: Avvio Sessione] [CAT:123 CID:123] [Result: TEST_1]
[2022-10-10 17:13:11.31] [INFO] [/home/emanuele/Git/SimpleEasyCLogger/SECLogger/SimpleEasyCLogger/main.c:main():56] [Thread Main - pid:282116 - pthread: 75835200] [Operation: Init Logger] [Result: TEST_1]
[2022-10-10 17:13:11.38] [FATAL] [/home/emanuele/Git/SimpleEasyCLogger/SECLogger/SimpleEasyCLogger/main.c:main():60] [pid:282116 - pthread: 75835200] TEST 1: ttt
[2022-10-10 17:13:11.39] [FATAL] [/home/emanuele/Git/SimpleEasyCLogger/SECLogger/SimpleEasyCLogger/main.c:main():61] [pid:282116 - pthread: 75835200] [Operation: TEST 2: ttt] [CAT:111 CID:111] [Result: TEST_1]
[2022-10-10 17:13:11.40] [FATAL] [/home/emanuele/Git/SimpleEasyCLogger/SECLogger/SimpleEasyCLogger/main.c:main():62] [pid:282116 - pthread: 75835200] [Operation: TEST 3: ttt] [Result: TEST_2]
[2022-10-10 17:13:11.41] [FATAL] [/home/emanuele/Git/SimpleEasyCLogger/SECLogger/SimpleEasyCLogger/main.c:main():63] [pid:282116 - pthread: 75835200] TEST 1: ttt
[2022-10-10 17:13:11.41] [ERROR] [/home/emanuele/Git/SimpleEasyCLogger/SECLogger/SimpleEasyCLogger/main.c:main():65] [pid:282116 - pthread: 75835200] TEST 1: ttt
[2022-10-10 17:13:11.42] [ERROR] [/home/emanuele/Git/SimpleEasyCLogger/SECLogger/SimpleEasyCLogger/main.c:main():66] [pid:282116 - pthread: 75835200] [Operation: TEST 2: ttt] [CAT:111 CID:111] [Result: TEST_1]
[2022-10-10 17:13:11.42] [ERROR] [/home/emanuele/Git/SimpleEasyCLogger/SECLogger/SimpleEasyCLogger/main.c:main():67] [pid:282116 - pthread: 75835200] [Operation: TEST 3: ttt] [Result: TEST_2]
[2022-10-10 17:13:11.43] [WARN] [/home/emanuele/Git/SimpleEasyCLogger/SECLogger/SimpleEasyCLogger/main.c:main():69] [pid:282116 - pthread: 75835200] TEST 1: ttt
[2022-10-10 17:13:11.44] [WARN] [/home/emanuele/Git/SimpleEasyCLogger/SECLogger/SimpleEasyCLogger/main.c:main():70] [pid:282116 - pthread: 75835200] [Operation: TEST 2: ttt] [CAT:111 CID:111] [Result: TEST_1]
[2022-10-10 17:13:11.45] [WARN] [/home/emanuele/Git/SimpleEasyCLogger/SECLogger/SimpleEasyCLogger/main.c:main():71] [pid:282116 - pthread: 75835200] [Operation: TEST 3: ttt] [Result: TEST_2]
[2022-10-10 17:13:11.45] [INFO] [/home/emanuele/Git/SimpleEasyCLogger/SECLogger/SimpleEasyCLogger/main.c:main():73] [pid:282116 - pthread: 75835200] TEST 1: ttt
[2022-10-10 17:13:11.46] [INFO] [/home/emanuele/Git/SimpleEasyCLogger/SECLogger/SimpleEasyCLogger/main.c:main():74] [pid:282116 - pthread: 75835200] [Operation: TEST 2: ttt] [CAT:111 CID:111] [Result: TEST_1]
[2022-10-10 17:13:11.47] [INFO] [/home/emanuele/Git/SimpleEasyCLogger/SECLogger/SimpleEasyCLogger/main.c:main():75] [pid:282116 - pthread: 75835200] [Operation: TEST 3: ttt] [Result: TEST_2]
[2022-10-10 17:13:11.49] [INFO] [/home/emanuele/Git/SimpleEasyCLogger/SECLogger/SimpleEasyCLogger/main.c:main():91] [Thread Main - pid:282116 - pthread: 75835200] [Operation: Avvio Sessione] [CAT:123 CID:123] [Result: TEST_1]
[2022-10-10 17:13:13.53] [WARN] [/home/emanuele/Git/SimpleEasyCLogger/SECLogger/SimpleEasyCLogger/main.c:main():95] [Thread Main - pid:282116 - pthread: 75835200] [Operation: Avvio Sessione] [CAT:123 CID:123] [Result: TEST_2]
[2022-10-10 17:13:13.59] [INFO] [/home/emanuele/Git/SimpleEasyCLogger/SECLogger/SimpleEasyCLogger/main.c:main():91] [Thread Main - pid:282116 - pthread: 75835200] [Operation: Avvio Sessione] [CAT:123 CID:123] [Result: TEST_1]
[2022-10-10 17:13:15.60] [WARN] [/home/emanuele/Git/SimpleEasyCLogger/SECLogger/SimpleEasyCLogger/main.c:main():95] [Thread Main - pid:282116 - pthread: 75835200] [Operation: Avvio Sessione] [CAT:123 CID:123] [Result: TEST_2]
[2022-10-10 17:13:15.62] [INFO] [/home/emanuele/Git/SimpleEasyCLogger/SECLogger/SimpleEasyCLogger/main.c:main():91] [Thread Main - pid:282116 - pthread: 75835200] [Operation: Avvio Sessione] [CAT:123 CID:123] [Result: TEST_1]
[2022-10-10 17:13:17.63] [WARN] [/home/emanuele/Git/SimpleEasyCLogger/SECLogger/SimpleEasyCLogger/main.c:main():95] [Thread Main - pid:282116 - pthread: 75835200] [Operation: Avvio Sessione] [CAT:123 CID:123] [Result: TEST_2]
[2022-10-10 17:13:17.69] [ERROR] [/home/emanuele/Git/SimpleEasyCLogger/SECLogger/SimpleEasyCLogger/main.c:main():102] [Thread Main - pid:282116 - pthread: 75835200] [Operation: Avvio Sessione] [CAT:123 CID:123] [Result: TEST_1]
[2022-10-10 17:13:17.76] [ERROR] [/home/emanuele/Git/SimpleEasyCLogger/SECLogger/SimpleEasyCLogger/main.c:main():108] [Thread Main - pid:282116 - pthread: 75835200] [Operation: Avvio Sessione] [Result: TEST_2]
[2022-10-10 17:13:54.56] [INFO] [/home/emanuele/Git/SimpleEasyCLogger/SECLogger/SimpleEasyCLogger/main.c:main():56] [Thread Main - pid:282323 - pthread: 75835200] [Operation: Init Logger] [Result: TEST_1]
[2022-10-10 17:13:54.63] [FATAL] [/home/emanuele/Git/SimpleEasyCLogger/SECLogger/SimpleEasyCLogger/main.c:main():60] [pid:282323 - pthread: 75835200] TEST 1: ttt
[2022-10-10 17:13:54.64] [FATAL] [/home/emanuele/Git/SimpleEasyCLogger/SECLogger/SimpleEasyCLogger/main.c:main():61] [pid:282323 - pthread: 75835200] [Operation: TEST 2: ttt] [CAT:111 CID:111] [Result: TEST_1]
[2022-10-10 17:13:54.66] [FATAL] [/home/emanuele/Git/SimpleEasyCLogger/SECLogger/SimpleEasyCLogger/main.c:main():62] [pid:282323 - pthread: 75835200] [Operation: TEST 3: ttt] [Result: TEST_2]
[2022-10-10 17:13:54.67] [FATAL] [/home/emanuele/Git/SimpleEasyCLogger/SECLogger/SimpleEasyCLogger/main.c:main():63] [pid:282323 - pthread: 75835200] TEST 1: ttt
[2022-10-10 17:13:54.67] [ERROR] [/home/emanuele/Git/SimpleEasyCLogger/SECLogger/SimpleEasyCLogger/main.c:main():65] [pid:282323 - pthread: 75835200] TEST 1: ttt
[2022-10-10 17:13:54.68] [ERROR] [/home/emanuele/Git/SimpleEasyCLogger/SECLogger/SimpleEasyCLogger/main.c:main():66] [pid:282323 - pthread: 75835200] [Operation: TEST 2: ttt] [CAT:111 CID:111] [Result: TEST_1]
[2022-10-10 17:13:54.69] [ERROR] [/home/emanuele/Git/SimpleEasyCLogger/SECLogger/SimpleEasyCLogger/main.c:main():67] [pid:282323 - pthread: 75835200] [Operation: TEST 3: ttt] [Result: TEST_2]
[2022-10-10 17:13:54.69] [WARN] [/home/emanuele/Git/SimpleEasyCLogger/SECLogger/SimpleEasyCLogger/main.c:main():69] [pid:282323 - pthread: 75835200] TEST 1: ttt
[2022-10-10 17:13:54.70] [WARN] [/home/emanuele/Git/SimpleEasyCLogger/SECLogger/SimpleEasyCLogger/main.c:main():70] [pid:282323 - pthread: 75835200] [Operation: TEST 2: ttt] [CAT:111 CID:111] [Result: TEST_1]
[2022-10-10 17:13:54.71] [WARN] [/home/emanuele/Git/SimpleEasyCLogger/SECLogger/SimpleEasyCLogger/main.c:main():71] [pid:282323 - pthread: 75835200] [Operation: TEST 3: ttt] [Result: TEST_2]
[2022-10-10 17:13:54.71] [INFO] [/home/emanuele/Git/SimpleEasyCLogger/SECLogger/SimpleEasyCLogger/main.c:main():73] [pid:282323 - pthread: 75835200] TEST 1: ttt
[2022-10-10 17:13:54.72] [INFO] [/home/emanuele/Git/SimpleEasyCLogger/SECLogger/SimpleEasyCLogger/main.c:main():74] [pid:282323 - pthread: 75835200] [Operation: TEST 2: ttt] [CAT:111 CID:111] [Result: TEST_1]
[2022-10-10 17:13:54.73] [INFO] [/home/emanuele/Git/SimpleEasyCLogger/SECLogger/SimpleEasyCLogger/main.c:main():75] [pid:282323 - pthread: 75835200] [Operation: TEST 3: ttt] [Result: TEST_2]
[2022-10-10 17:13:54.75] [INFO] [/home/emanuele/Git/SimpleEasyCLogger/SECLogger/SimpleEasyCLogger/main.c:main():91] [Thread Main - pid:282323 - pthread: 75835200] [Operation: Avvio Sessione] [CAT:123 CID:123] [Result: TEST_1]
[2022-10-10 17:14:20.978] [INFO] [/home/emanuele/Git/SimpleEasyCLogger/SECLogger/SimpleEasyCLogger/main.c:main():56] [Thread Main - pid:282605 - pthread: 75835200] [Operation: Init Logger] [Result: TEST_1]
[2022-10-10 17:14:20.990] [FATAL] [/home/emanuele/Git/SimpleEasyCLogger/SECLogger/SimpleEasyCLogger/main.c:main():60] [pid:282605 - pthread: 75835200] TEST 1: ttt
[2022-10-10 17:26:24.492] [INFO] [/home/emanuele/Git/SimpleEasyCLogger/SECLogger/SimpleEasyCLogger/main.c:main():56] [Thread Main - pid:284650 - pthread: 75835200] [Operation: Init Logger] [Result: TEST_1]
[2022-10-10 17:26:24.499] [FATAL] [/home/emanuele/Git/SimpleEasyCLogger/SECLogger/SimpleEasyCLogger/main.c:main():60] [pid:284650 - pthread: 75835200] TEST 1: ttt
[2022-10-10 17:31:37.65] [INFO] [/home/emanuele/Git/SimpleEasyCLogger/SECLogger/SimpleEasyCLogger/main.c:main():56] [Thread Main - pid:285123 - pthread: 75835200] [Operation: Init Logger] [Result: TEST_1]
[2022-10-10 17:31:37.77] [FATAL] [/home/emanuele/Git/SimpleEasyCLogger/SECLogger/SimpleEasyCLogger/main.c:main():60] [pid:285123 - pthread: 75835200] TEST 1: ttt
[2022-10-10 17:32:40.775] [INFO] [/home/emanuele/Git/SimpleEasyCLogger/SECLogger/SimpleEasyCLogger/main.c:main():56] [Thread Main - pid:285828 - pthread: 75835200] [Operation: Init Logger] [Result: TEST_1]
